{"/home/travis/build/npmtest/node-npmtest-picturefill/test.js":{"path":"/home/travis/build/npmtest/node-npmtest-picturefill/test.js","s":{"1":2,"2":2,"3":2,"4":2,"5":2,"6":2,"7":2,"8":1,"9":2,"10":2,"11":1,"12":1,"13":1,"14":1,"15":2,"16":2,"17":2,"18":2,"19":1,"20":1,"21":2,"22":2,"23":2,"24":1,"25":1,"26":1,"27":1,"28":1,"29":1,"30":1,"31":1,"32":1,"33":1,"34":1,"35":1,"36":1,"37":1,"38":1,"39":2,"40":2,"41":1,"42":2,"43":2,"44":1,"45":2,"46":2,"47":1,"48":2,"49":2,"50":1,"51":1,"52":1,"53":1,"54":1},"b":{"1":[2,1,1,1],"2":[1,1,1,1],"3":[1,1],"4":[1,1],"5":[1,1],"6":[1,1],"7":[1,1],"8":[1,1],"9":[1,1],"10":[1,1,1],"11":[1,1],"12":[1,1],"13":[1,1],"14":[1,1],"15":[1,1],"16":[1,1],"17":[1,1]},"f":{"1":2,"2":2,"3":2,"4":2,"5":2,"6":1,"7":1,"8":1,"9":2,"10":2,"11":2,"12":2,"13":1},"fnMap":{"1":{"name":"(anonymous_1)","line":12,"loc":{"start":{"line":12,"column":1},"end":{"line":12,"column":13}}},"2":{"name":"(anonymous_2)","line":19,"loc":{"start":{"line":19,"column":5},"end":{"line":19,"column":17}}},"3":{"name":"(anonymous_3)","line":23,"loc":{"start":{"line":23,"column":24},"end":{"line":23,"column":36}}},"4":{"name":"(anonymous_4)","line":61,"loc":{"start":{"line":61,"column":5},"end":{"line":61,"column":17}}},"5":{"name":"(anonymous_5)","line":82,"loc":{"start":{"line":82,"column":5},"end":{"line":82,"column":17}}},"6":{"name":"(anonymous_6)","line":91,"loc":{"start":{"line":91,"column":77},"end":{"line":94,"column":10}}},"7":{"name":"(anonymous_7)","line":112,"loc":{"start":{"line":112,"column":83},"end":{"line":115,"column":10}},"skip":true},"8":{"name":"(anonymous_8)","line":123,"loc":{"start":{"line":123,"column":77},"end":{"line":126,"column":10}},"skip":true},"9":{"name":"(anonymous_9)","line":139,"loc":{"start":{"line":139,"column":12},"end":{"line":139,"column":40}},"skip":true},"10":{"name":"(anonymous_10)","line":147,"loc":{"start":{"line":147,"column":77},"end":{"line":150,"column":10}},"skip":true},"11":{"name":"(anonymous_11)","line":158,"loc":{"start":{"line":158,"column":83},"end":{"line":161,"column":10}},"skip":true},"12":{"name":"(anonymous_12)","line":169,"loc":{"start":{"line":169,"column":79},"end":{"line":172,"column":10}},"skip":true},"13":{"name":"(anonymous_13)","line":180,"loc":{"start":{"line":180,"column":75},"end":{"line":183,"column":10}},"skip":true}},"statementMap":{"1":{"start":{"line":12,"column":0},"end":{"line":195,"column":5}},"2":{"start":{"line":14,"column":4},"end":{"line":14,"column":14}},"3":{"start":{"line":19,"column":4},"end":{"line":56,"column":9}},"4":{"start":{"line":21,"column":8},"end":{"line":21,"column":19}},"5":{"start":{"line":23,"column":8},"end":{"line":35,"column":13}},"6":{"start":{"line":24,"column":12},"end":{"line":34,"column":13}},"7":{"start":{"line":25,"column":16},"end":{"line":28,"column":30}},"8":{"start":{"line":30,"column":16},"end":{"line":33,"column":27}},"9":{"start":{"line":37,"column":8},"end":{"line":39,"column":21}},"10":{"start":{"line":40,"column":8},"end":{"line":53,"column":9}},"11":{"start":{"line":43,"column":12},"end":{"line":46,"column":14}},"12":{"start":{"line":47,"column":12},"end":{"line":47,"column":18}},"13":{"start":{"line":50,"column":12},"end":{"line":51,"column":33}},"14":{"start":{"line":52,"column":12},"end":{"line":52,"column":18}},"15":{"start":{"line":55,"column":8},"end":{"line":55,"column":35}},"16":{"start":{"line":61,"column":4},"end":{"line":63,"column":9}},"17":{"start":{"line":62,"column":8},"end":{"line":62,"column":15}},"18":{"start":{"line":64,"column":4},"end":{"line":77,"column":5}},"19":{"start":{"line":70,"column":8},"end":{"line":70,"column":14}},"20":{"start":{"line":76,"column":8},"end":{"line":76,"column":14}},"21":{"start":{"line":82,"column":4},"end":{"line":84,"column":9}},"22":{"start":{"line":83,"column":8},"end":{"line":83,"column":15}},"23":{"start":{"line":85,"column":4},"end":{"line":194,"column":5}},"24":{"start":{"line":91,"column":8},"end":{"line":99,"column":10}},"25":{"start":{"line":98,"column":12},"end":{"line":98,"column":35}},"26":{"start":{"line":102,"column":8},"end":{"line":104,"column":63}},"27":{"start":{"line":105,"column":8},"end":{"line":105,"column":14}},"28":{"start":{"line":112,"column":8},"end":{"line":121,"column":10},"skip":true},"29":{"start":{"line":119,"column":12},"end":{"line":119,"column":55},"skip":true},"30":{"start":{"line":120,"column":12},"end":{"line":120,"column":48},"skip":true},"31":{"start":{"line":123,"column":8},"end":{"line":136,"column":10},"skip":true},"32":{"start":{"line":130,"column":12},"end":{"line":130,"column":76},"skip":true},"33":{"start":{"line":131,"column":12},"end":{"line":131,"column":73},"skip":true},"34":{"start":{"line":132,"column":12},"end":{"line":132,"column":74},"skip":true},"35":{"start":{"line":133,"column":12},"end":{"line":133,"column":79},"skip":true},"36":{"start":{"line":134,"column":12},"end":{"line":134,"column":25},"skip":true},"37":{"start":{"line":135,"column":12},"end":{"line":135,"column":45},"skip":true},"38":{"start":{"line":138,"column":8},"end":{"line":145,"column":14},"skip":true},"39":{"start":{"line":143,"column":16},"end":{"line":143,"column":29},"skip":true},"40":{"start":{"line":144,"column":16},"end":{"line":144,"column":55},"skip":true},"41":{"start":{"line":147,"column":8},"end":{"line":156,"column":10},"skip":true},"42":{"start":{"line":154,"column":12},"end":{"line":154,"column":25},"skip":true},"43":{"start":{"line":155,"column":12},"end":{"line":155,"column":45},"skip":true},"44":{"start":{"line":158,"column":8},"end":{"line":167,"column":10},"skip":true},"45":{"start":{"line":165,"column":12},"end":{"line":165,"column":25},"skip":true},"46":{"start":{"line":166,"column":12},"end":{"line":166,"column":48},"skip":true},"47":{"start":{"line":169,"column":8},"end":{"line":178,"column":10},"skip":true},"48":{"start":{"line":176,"column":12},"end":{"line":176,"column":25},"skip":true},"49":{"start":{"line":177,"column":12},"end":{"line":177,"column":46},"skip":true},"50":{"start":{"line":180,"column":8},"end":{"line":189,"column":10},"skip":true},"51":{"start":{"line":187,"column":12},"end":{"line":187,"column":94},"skip":true},"52":{"start":{"line":188,"column":12},"end":{"line":188,"column":48},"skip":true},"53":{"start":{"line":192,"column":8},"end":{"line":192,"column":35},"skip":true},"54":{"start":{"line":193,"column":8},"end":{"line":193,"column":14},"skip":true}},"branchMap":{"1":{"line":25,"type":"binary-expr","locations":[{"start":{"line":25,"column":23},"end":{"line":25,"column":62}},{"start":{"line":26,"column":20},"end":{"line":26,"column":70}},{"start":{"line":27,"column":20},"end":{"line":27,"column":71}},{"start":{"line":28,"column":20},"end":{"line":28,"column":29}}]},"2":{"line":30,"type":"binary-expr","locations":[{"start":{"line":30,"column":23},"end":{"line":30,"column":37}},{"start":{"line":31,"column":20},"end":{"line":31,"column":61}},{"start":{"line":32,"column":20},"end":{"line":32,"column":70}},{"start":{"line":33,"column":20},"end":{"line":33,"column":26}}]},"3":{"line":37,"type":"cond-expr","locations":[{"start":{"line":38,"column":14},"end":{"line":38,"column":20}},{"start":{"line":39,"column":14},"end":{"line":39,"column":20}}]},"4":{"line":40,"type":"switch","locations":[{"start":{"line":42,"column":8},"end":{"line":47,"column":18}},{"start":{"line":49,"column":8},"end":{"line":52,"column":18}}]},"5":{"line":44,"type":"binary-expr","locations":[{"start":{"line":44,"column":16},"end":{"line":44,"column":44}},{"start":{"line":44,"column":48},"end":{"line":44,"column":66}}]},"6":{"line":50,"type":"binary-expr","locations":[{"start":{"line":50,"column":21},"end":{"line":50,"column":49}},{"start":{"line":50,"column":53},"end":{"line":50,"column":72}}]},"7":{"line":64,"type":"switch","locations":[{"start":{"line":69,"column":4},"end":{"line":70,"column":14}},{"start":{"line":75,"column":4},"end":{"line":76,"column":14}}]},"8":{"line":85,"type":"switch","locations":[{"start":{"line":90,"column":4},"end":{"line":105,"column":14}},{"start":{"line":111,"column":4},"end":{"line":193,"column":14},"skip":true}]},"9":{"line":91,"type":"binary-expr","locations":[{"start":{"line":91,"column":42},"end":{"line":91,"column":73}},{"start":{"line":91,"column":77},"end":{"line":99,"column":9}}]},"10":{"line":102,"type":"binary-expr","locations":[{"start":{"line":102,"column":18},"end":{"line":102,"column":32}},{"start":{"line":103,"column":12},"end":{"line":103,"column":53}},{"start":{"line":104,"column":12},"end":{"line":104,"column":61}}]},"11":{"line":112,"type":"binary-expr","locations":[{"start":{"line":112,"column":45},"end":{"line":112,"column":79},"skip":true},{"start":{"line":112,"column":83},"end":{"line":121,"column":9},"skip":true}]},"12":{"line":123,"type":"binary-expr","locations":[{"start":{"line":123,"column":42},"end":{"line":123,"column":73},"skip":true},{"start":{"line":123,"column":77},"end":{"line":136,"column":9},"skip":true}]},"13":{"line":138,"type":"binary-expr","locations":[{"start":{"line":138,"column":48},"end":{"line":138,"column":85},"skip":true},{"start":{"line":139,"column":12},"end":{"line":145,"column":13},"skip":true}]},"14":{"line":147,"type":"binary-expr","locations":[{"start":{"line":147,"column":42},"end":{"line":147,"column":73},"skip":true},{"start":{"line":147,"column":77},"end":{"line":156,"column":9},"skip":true}]},"15":{"line":158,"type":"binary-expr","locations":[{"start":{"line":158,"column":45},"end":{"line":158,"column":79},"skip":true},{"start":{"line":158,"column":83},"end":{"line":167,"column":9},"skip":true}]},"16":{"line":169,"type":"binary-expr","locations":[{"start":{"line":169,"column":43},"end":{"line":169,"column":75},"skip":true},{"start":{"line":169,"column":79},"end":{"line":178,"column":9},"skip":true}]},"17":{"line":180,"type":"binary-expr","locations":[{"start":{"line":180,"column":41},"end":{"line":180,"column":71},"skip":true},{"start":{"line":180,"column":75},"end":{"line":189,"column":9},"skip":true}]}},"code":["/* istanbul instrument in package npmtest_picturefill */","/*jslint","    bitwise: true,","    browser: true,","    maxerr: 8,","    maxlen: 96,","    node: true,","    nomen: true,","    regexp: true,","    stupid: true","*/","(function () {","    'use strict';","    var local;","","","","    // run shared js-env code - pre-init","    (function () {","        // init local","        local = {};","        // init modeJs","        local.modeJs = (function () {","            try {","                return typeof navigator.userAgent === 'string' &&","                    typeof document.querySelector('body') === 'object' &&","                    typeof XMLHttpRequest.prototype.open === 'function' &&","                    'browser';","            } catch (errorCaughtBrowser) {","                return module.exports &&","                    typeof process.versions.node === 'string' &&","                    typeof require('http').createServer === 'function' &&","                    'node';","            }","        }());","        // init global","        local.global = local.modeJs === 'browser'","            ? window","            : global;","        switch (local.modeJs) {","        // re-init local from window.local","        case 'browser':","            local = local.global.utility2.objectSetDefault(","                local.global.utility2_rollup || local.global.local,","                local.global.utility2","            );","            break;","        // re-init local from example.js","        case 'node':","            local = (local.global.utility2_rollup || require('utility2'))","                .requireReadme();","            break;","        }","        // export local","        local.global.local = local;","    }());","","","","    // run shared js-env code - function","    (function () {","        return;","    }());","    switch (local.modeJs) {","","","","    // run browser js-env code - function","    case 'browser':","        break;","","","","    // run node js-env code - function","    case 'node':","        break;","    }","","","","    // run shared js-env code - post-init","    (function () {","        return;","    }());","    switch (local.modeJs) {","","","","    // run browser js-env code - post-init","    case 'browser':","        local.testCase_browser_nullCase = local.testCase_browser_nullCase || function (","            options,","            onError","        ) {","        /*","         * this function will test browsers's null-case handling-behavior-behavior","         */","            onError(null, options);","        };","","        // run tests","        local.nop(local.modeTest &&","            document.querySelector('#testRunButton1') &&","            document.querySelector('#testRunButton1').click());","        break;","","","","    // run node js-env code - post-init","    /* istanbul ignore next */","    case 'node':","        local.testCase_buildApidoc_default = local.testCase_buildApidoc_default || function (","            options,","            onError","        ) {","        /*","         * this function will test buildApidoc's default handling-behavior-behavior","         */","            options = { modulePathList: module.paths };","            local.buildApidoc(options, onError);","        };","","        local.testCase_buildApp_default = local.testCase_buildApp_default || function (","            options,","            onError","        ) {","        /*","         * this function will test buildApp's default handling-behavior-behavior","         */","            local.testCase_buildReadme_default(options, local.onErrorThrow);","            local.testCase_buildLib_default(options, local.onErrorThrow);","            local.testCase_buildTest_default(options, local.onErrorThrow);","            local.testCase_buildCustomOrg_default(options, local.onErrorThrow);","            options = [];","            local.buildApp(options, onError);","        };","","        local.testCase_buildCustomOrg_default = local.testCase_buildCustomOrg_default ||","            function (options, onError) {","            /*","             * this function will test buildCustomOrg's default handling-behavior","             */","                options = {};","                local.buildCustomOrg(options, onError);","            };","","        local.testCase_buildLib_default = local.testCase_buildLib_default || function (","            options,","            onError","        ) {","        /*","         * this function will test buildLib's default handling-behavior","         */","            options = {};","            local.buildLib(options, onError);","        };","","        local.testCase_buildReadme_default = local.testCase_buildReadme_default || function (","            options,","            onError","        ) {","        /*","         * this function will test buildReadme's default handling-behavior-behavior","         */","            options = {};","            local.buildReadme(options, onError);","        };","","        local.testCase_buildTest_default = local.testCase_buildTest_default || function (","            options,","            onError","        ) {","        /*","         * this function will test buildTest's default handling-behavior","         */","            options = {};","            local.buildTest(options, onError);","        };","","        local.testCase_webpage_default = local.testCase_webpage_default || function (","            options,","            onError","        ) {","        /*","         * this function will test webpage's default handling-behavior","         */","            options = { modeCoverageMerge: true, url: local.serverLocalHost + '?modeTest=1' };","            local.browserTest(options, onError);","        };","","        // run test-server","        local.testRunServer(local);","        break;","    }","}());",""],"l":{"12":2,"14":2,"19":2,"21":2,"23":2,"24":2,"25":2,"30":1,"37":2,"40":2,"43":1,"47":1,"50":1,"52":1,"55":2,"61":2,"62":2,"64":2,"70":1,"76":1,"82":2,"83":2,"85":2,"91":1,"98":1,"102":1,"105":1,"112":1,"119":1,"120":1,"123":1,"130":1,"131":1,"132":1,"133":1,"134":1,"135":1,"138":1,"143":2,"144":2,"147":1,"154":2,"155":2,"158":1,"165":2,"166":2,"169":1,"176":2,"177":2,"180":1,"187":1,"188":1,"192":1,"193":1}},"/home/travis/build/npmtest/node-npmtest-picturefill/lib.npmtest_picturefill.js":{"path":"/home/travis/build/npmtest/node-npmtest-picturefill/lib.npmtest_picturefill.js","s":{"1":2,"2":2,"3":2,"4":2,"5":2,"6":2,"7":2,"8":1,"9":2,"10":2,"11":2,"12":2,"13":1,"14":1,"15":1,"16":1},"b":{"1":[2,1,1,1],"2":[1,1,1,1],"3":[1,1],"4":[2,2],"5":[1,1]},"f":{"1":2,"2":2,"3":2},"fnMap":{"1":{"name":"(anonymous_1)","line":12,"loc":{"start":{"line":12,"column":1},"end":{"line":12,"column":13}}},"2":{"name":"(anonymous_2)","line":19,"loc":{"start":{"line":19,"column":5},"end":{"line":19,"column":17}}},"3":{"name":"(anonymous_3)","line":23,"loc":{"start":{"line":23,"column":24},"end":{"line":23,"column":36}}}},"statementMap":{"1":{"start":{"line":12,"column":0},"end":{"line":53,"column":5}},"2":{"start":{"line":14,"column":4},"end":{"line":14,"column":14}},"3":{"start":{"line":19,"column":4},"end":{"line":52,"column":9}},"4":{"start":{"line":21,"column":8},"end":{"line":21,"column":19}},"5":{"start":{"line":23,"column":8},"end":{"line":35,"column":13}},"6":{"start":{"line":24,"column":12},"end":{"line":34,"column":13}},"7":{"start":{"line":25,"column":16},"end":{"line":28,"column":30}},"8":{"start":{"line":30,"column":16},"end":{"line":33,"column":27}},"9":{"start":{"line":37,"column":8},"end":{"line":39,"column":21}},"10":{"start":{"line":41,"column":8},"end":{"line":41,"column":54}},"11":{"start":{"line":43,"column":8},"end":{"line":43,"column":56}},"12":{"start":{"line":45,"column":8},"end":{"line":51,"column":9}},"13":{"start":{"line":46,"column":12},"end":{"line":46,"column":62}},"14":{"start":{"line":48,"column":12},"end":{"line":48,"column":35}},"15":{"start":{"line":49,"column":12},"end":{"line":49,"column":49}},"16":{"start":{"line":50,"column":12},"end":{"line":50,"column":43}}},"branchMap":{"1":{"line":25,"type":"binary-expr","locations":[{"start":{"line":25,"column":23},"end":{"line":25,"column":62}},{"start":{"line":26,"column":20},"end":{"line":26,"column":70}},{"start":{"line":27,"column":20},"end":{"line":27,"column":71}},{"start":{"line":28,"column":20},"end":{"line":28,"column":29}}]},"2":{"line":30,"type":"binary-expr","locations":[{"start":{"line":30,"column":23},"end":{"line":30,"column":37}},{"start":{"line":31,"column":20},"end":{"line":31,"column":61}},{"start":{"line":32,"column":20},"end":{"line":32,"column":70}},{"start":{"line":33,"column":20},"end":{"line":33,"column":26}}]},"3":{"line":37,"type":"cond-expr","locations":[{"start":{"line":38,"column":14},"end":{"line":38,"column":20}},{"start":{"line":39,"column":14},"end":{"line":39,"column":20}}]},"4":{"line":41,"type":"binary-expr","locations":[{"start":{"line":41,"column":16},"end":{"line":41,"column":44}},{"start":{"line":41,"column":48},"end":{"line":41,"column":53}}]},"5":{"line":45,"type":"if","locations":[{"start":{"line":45,"column":8},"end":{"line":45,"column":8}},{"start":{"line":45,"column":8},"end":{"line":45,"column":8}}]}},"code":["/* istanbul instrument in package npmtest_picturefill */","/*jslint","    bitwise: true,","    browser: true,","    maxerr: 8,","    maxlen: 96,","    node: true,","    nomen: true,","    regexp: true,","    stupid: true","*/","(function () {","    'use strict';","    var local;","","","","    // run shared js-env code - pre-init","    (function () {","        // init local","        local = {};","        // init modeJs","        local.modeJs = (function () {","            try {","                return typeof navigator.userAgent === 'string' &&","                    typeof document.querySelector('body') === 'object' &&","                    typeof XMLHttpRequest.prototype.open === 'function' &&","                    'browser';","            } catch (errorCaughtBrowser) {","                return module.exports &&","                    typeof process.versions.node === 'string' &&","                    typeof require('http').createServer === 'function' &&","                    'node';","            }","        }());","        // init global","        local.global = local.modeJs === 'browser'","            ? window","            : global;","        // init utility2_rollup","        local = local.global.utility2_rollup || local;","        // init lib","        local.local = local.npmtest_picturefill = local;","        // init exports","        if (local.modeJs === 'browser') {","            local.global.utility2_npmtest_picturefill = local;","        } else {","            module.exports = local;","            module.exports.__dirname = __dirname;","            module.exports.module = module;","        }","    }());","}());",""],"l":{"12":2,"14":2,"19":2,"21":2,"23":2,"24":2,"25":2,"30":1,"37":2,"41":2,"43":2,"45":2,"46":1,"48":1,"49":1,"50":1}},"/home/travis/build/npmtest/node-npmtest-picturefill/example.js":{"path":"/home/travis/build/npmtest/node-npmtest-picturefill/example.js","s":{"1":2,"2":2,"3":2,"4":2,"5":2,"6":2,"7":2,"8":1,"9":2,"10":2,"11":2,"12":2,"13":1,"14":2,"15":2,"16":2,"17":2,"18":2,"19":0,"20":2,"21":1,"22":1,"23":1,"24":1,"25":1,"26":0,"27":0,"28":1,"29":1,"30":2,"31":0,"32":0,"33":0,"34":1,"35":2,"36":2,"37":3,"38":3,"39":3,"40":3,"41":0,"42":3,"43":3,"44":3,"45":1,"46":3,"47":1,"48":1,"49":1,"50":1,"51":1,"52":1,"53":1,"54":1,"55":1,"56":1,"57":0,"58":1,"59":6,"60":6,"61":1,"62":2,"63":0,"64":2,"65":1,"66":1,"67":0,"68":0,"69":0,"70":0,"71":0,"72":0,"73":0,"74":0,"75":0,"76":0,"77":0,"78":0,"79":0,"80":0,"81":0,"82":0,"83":0},"b":{"1":[2,1,1,1],"2":[1,1,1,1],"3":[1,1],"4":[2,2],"5":[1,1],"6":[1,1],"7":[2,0],"8":[2,1,1,1,1,1],"9":[0,2,0],"10":[1,1],"11":[2,1,1],"12":[1,0],"13":[0,2],"14":[2,0,0,0,0,0,0],"15":[0,3],"16":[3,0],"17":[1,1],"18":[0,1],"19":[1,2,0,2],"20":[1,0],"21":[1,1],"22":[0,0],"23":[0,0],"24":[0,0],"25":[0,0],"26":[0,0],"27":[0,0],"28":[0,0]},"f":{"1":2,"2":2,"3":2,"4":2,"5":2,"6":2,"7":3,"8":3,"9":3,"10":1,"11":6,"12":0},"fnMap":{"1":{"name":"(anonymous_1)","line":26,"loc":{"start":{"line":26,"column":1},"end":{"line":26,"column":13}}},"2":{"name":"(anonymous_2)","line":33,"loc":{"start":{"line":33,"column":5},"end":{"line":33,"column":17}}},"3":{"name":"(anonymous_3)","line":37,"loc":{"start":{"line":37,"column":24},"end":{"line":37,"column":36}}},"4":{"name":"(anonymous_4)","line":69,"loc":{"start":{"line":69,"column":31},"end":{"line":69,"column":48}},"skip":true},"5":{"name":"(anonymous_5)","line":78,"loc":{"start":{"line":78,"column":26},"end":{"line":78,"column":45}},"skip":true},"6":{"name":"(anonymous_6)","line":123,"loc":{"start":{"line":123,"column":33},"end":{"line":123,"column":48}},"skip":true},"7":{"name":"(anonymous_7)","line":125,"loc":{"start":{"line":125,"column":27},"end":{"line":125,"column":39}},"skip":true},"8":{"name":"(anonymous_8)","line":133,"loc":{"start":{"line":133,"column":59},"end":{"line":133,"column":74}},"skip":true},"9":{"name":"(anonymous_9)","line":143,"loc":{"start":{"line":143,"column":45},"end":{"line":143,"column":62}},"skip":true},"10":{"name":"(anonymous_10)","line":144,"loc":{"start":{"line":144,"column":73},"end":{"line":144,"column":92}},"skip":true},"11":{"name":"(anonymous_11)","line":272,"loc":{"start":{"line":272,"column":51},"end":{"line":272,"column":77}},"skip":true},"12":{"name":"(anonymous_12)","line":315,"loc":{"start":{"line":315,"column":32},"end":{"line":315,"column":61}},"skip":true}},"statementMap":{"1":{"start":{"line":26,"column":0},"end":{"line":326,"column":5}},"2":{"start":{"line":28,"column":4},"end":{"line":28,"column":14}},"3":{"start":{"line":33,"column":4},"end":{"line":60,"column":9}},"4":{"start":{"line":35,"column":8},"end":{"line":35,"column":19}},"5":{"start":{"line":37,"column":8},"end":{"line":49,"column":13}},"6":{"start":{"line":38,"column":12},"end":{"line":48,"column":13}},"7":{"start":{"line":39,"column":16},"end":{"line":42,"column":30}},"8":{"start":{"line":44,"column":16},"end":{"line":47,"column":27}},"9":{"start":{"line":51,"column":8},"end":{"line":53,"column":21}},"10":{"start":{"line":55,"column":8},"end":{"line":57,"column":45}},"11":{"start":{"line":59,"column":8},"end":{"line":59,"column":35}},"12":{"start":{"line":61,"column":4},"end":{"line":325,"column":5}},"13":{"start":{"line":69,"column":8},"end":{"line":121,"column":10},"skip":true},"14":{"start":{"line":70,"column":12},"end":{"line":88,"column":13},"skip":true},"15":{"start":{"line":76,"column":16},"end":{"line":87,"column":19},"skip":true},"16":{"start":{"line":79,"column":20},"end":{"line":86,"column":21},"skip":true},"17":{"start":{"line":82,"column":24},"end":{"line":82,"column":43},"skip":true},"18":{"start":{"line":83,"column":24},"end":{"line":83,"column":30},"skip":true},"19":{"start":{"line":85,"column":24},"end":{"line":85,"column":49},"skip":true},"20":{"start":{"line":89,"column":12},"end":{"line":107,"column":13},"skip":true},"21":{"start":{"line":92,"column":16},"end":{"line":102,"column":17},"skip":true},"22":{"start":{"line":93,"column":20},"end":{"line":93,"column":86},"skip":true},"23":{"start":{"line":94,"column":20},"end":{"line":95,"column":45},"skip":true},"24":{"start":{"line":96,"column":20},"end":{"line":96,"column":42},"skip":true},"25":{"start":{"line":97,"column":20},"end":{"line":97,"column":48},"skip":true},"26":{"start":{"line":100,"column":20},"end":{"line":100,"column":85},"skip":true},"27":{"start":{"line":101,"column":20},"end":{"line":101,"column":96},"skip":true},"28":{"start":{"line":103,"column":16},"end":{"line":103,"column":22},"skip":true},"29":{"start":{"line":106,"column":16},"end":{"line":106,"column":22},"skip":true},"30":{"start":{"line":108,"column":12},"end":{"line":120,"column":13},"skip":true},"31":{"start":{"line":114,"column":16},"end":{"line":119,"column":17},"skip":true},"32":{"start":{"line":116,"column":20},"end":{"line":116,"column":78},"skip":true},"33":{"start":{"line":118,"column":20},"end":{"line":118,"column":47},"skip":true},"34":{"start":{"line":123,"column":8},"end":{"line":141,"column":11},"skip":true},"35":{"start":{"line":124,"column":12},"end":{"line":124,"column":54},"skip":true},"36":{"start":{"line":125,"column":12},"end":{"line":140,"column":14},"skip":true},"37":{"start":{"line":126,"column":16},"end":{"line":126,"column":28},"skip":true},"38":{"start":{"line":127,"column":16},"end":{"line":127,"column":69},"skip":true},"39":{"start":{"line":128,"column":16},"end":{"line":128,"column":75},"skip":true},"40":{"start":{"line":129,"column":16},"end":{"line":131,"column":17},"skip":true},"41":{"start":{"line":130,"column":20},"end":{"line":130,"column":27},"skip":true},"42":{"start":{"line":133,"column":16},"end":{"line":137,"column":36},"skip":true},"43":{"start":{"line":134,"column":20},"end":{"line":136,"column":55},"skip":true},"44":{"start":{"line":139,"column":16},"end":{"line":139,"column":57},"skip":true},"45":{"start":{"line":143,"column":8},"end":{"line":147,"column":11},"skip":true},"46":{"start":{"line":144,"column":12},"end":{"line":146,"column":15},"skip":true},"47":{"start":{"line":145,"column":16},"end":{"line":145,"column":70},"skip":true},"48":{"start":{"line":149,"column":8},"end":{"line":149,"column":31},"skip":true},"49":{"start":{"line":150,"column":8},"end":{"line":150,"column":14},"skip":true},"50":{"start":{"line":158,"column":8},"end":{"line":158,"column":31},"skip":true},"51":{"start":{"line":160,"column":8},"end":{"line":160,"column":33},"skip":true},"52":{"start":{"line":161,"column":8},"end":{"line":161,"column":37},"skip":true},"53":{"start":{"line":162,"column":8},"end":{"line":162,"column":35},"skip":true},"54":{"start":{"line":164,"column":8},"end":{"line":164,"column":50},"skip":true},"55":{"start":{"line":166,"column":8},"end":{"line":256,"column":2},"skip":true},"56":{"start":{"line":258,"column":8},"end":{"line":286,"column":9},"skip":true},"57":{"start":{"line":259,"column":12},"end":{"line":269,"column":14},"skip":true},"58":{"start":{"line":271,"column":12},"end":{"line":285,"column":19},"skip":true},"59":{"start":{"line":274,"column":20},"end":{"line":274,"column":35},"skip":true},"60":{"start":{"line":275,"column":20},"end":{"line":284,"column":21},"skip":true},"61":{"start":{"line":277,"column":24},"end":{"line":277,"column":64},"skip":true},"62":{"start":{"line":279,"column":24},"end":{"line":279,"column":40},"skip":true},"63":{"start":{"line":281,"column":24},"end":{"line":281,"column":40},"skip":true},"64":{"start":{"line":283,"column":24},"end":{"line":283,"column":39},"skip":true},"65":{"start":{"line":288,"column":8},"end":{"line":290,"column":9},"skip":true},"66":{"start":{"line":289,"column":12},"end":{"line":289,"column":18},"skip":true},"67":{"start":{"line":291,"column":8},"end":{"line":293,"column":54},"skip":true},"68":{"start":{"line":296,"column":8},"end":{"line":301,"column":37},"skip":true},"69":{"start":{"line":303,"column":8},"end":{"line":303,"column":82},"skip":true},"70":{"start":{"line":306,"column":8},"end":{"line":308,"column":9},"skip":true},"71":{"start":{"line":307,"column":12},"end":{"line":307,"column":82},"skip":true},"72":{"start":{"line":310,"column":8},"end":{"line":312,"column":9},"skip":true},"73":{"start":{"line":311,"column":12},"end":{"line":311,"column":18},"skip":true},"74":{"start":{"line":313,"column":8},"end":{"line":313,"column":54},"skip":true},"75":{"start":{"line":314,"column":8},"end":{"line":314,"column":69},"skip":true},"76":{"start":{"line":315,"column":8},"end":{"line":323,"column":36},"skip":true},"77":{"start":{"line":316,"column":12},"end":{"line":316,"column":61},"skip":true},"78":{"start":{"line":317,"column":12},"end":{"line":320,"column":13},"skip":true},"79":{"start":{"line":318,"column":16},"end":{"line":318,"column":75},"skip":true},"80":{"start":{"line":319,"column":16},"end":{"line":319,"column":23},"skip":true},"81":{"start":{"line":321,"column":12},"end":{"line":321,"column":38},"skip":true},"82":{"start":{"line":322,"column":12},"end":{"line":322,"column":27},"skip":true},"83":{"start":{"line":324,"column":8},"end":{"line":324,"column":14},"skip":true}},"branchMap":{"1":{"line":39,"type":"binary-expr","locations":[{"start":{"line":39,"column":23},"end":{"line":39,"column":62}},{"start":{"line":40,"column":20},"end":{"line":40,"column":70}},{"start":{"line":41,"column":20},"end":{"line":41,"column":71}},{"start":{"line":42,"column":20},"end":{"line":42,"column":29}}]},"2":{"line":44,"type":"binary-expr","locations":[{"start":{"line":44,"column":23},"end":{"line":44,"column":37}},{"start":{"line":45,"column":20},"end":{"line":45,"column":61}},{"start":{"line":46,"column":20},"end":{"line":46,"column":70}},{"start":{"line":47,"column":20},"end":{"line":47,"column":26}}]},"3":{"line":51,"type":"cond-expr","locations":[{"start":{"line":52,"column":14},"end":{"line":52,"column":20}},{"start":{"line":53,"column":14},"end":{"line":53,"column":20}}]},"4":{"line":55,"type":"binary-expr","locations":[{"start":{"line":55,"column":16},"end":{"line":55,"column":44}},{"start":{"line":55,"column":49},"end":{"line":57,"column":43}}]},"5":{"line":55,"type":"cond-expr","locations":[{"start":{"line":56,"column":14},"end":{"line":56,"column":55}},{"start":{"line":57,"column":14},"end":{"line":57,"column":43}}]},"6":{"line":61,"type":"switch","locations":[{"start":{"line":68,"column":4},"end":{"line":150,"column":14},"skip":true},{"start":{"line":156,"column":4},"end":{"line":324,"column":14},"skip":true}]},"7":{"line":70,"type":"if","locations":[{"start":{"line":70,"column":12},"end":{"line":70,"column":12},"skip":true},{"start":{"line":70,"column":12},"end":{"line":70,"column":12},"skip":true}]},"8":{"line":70,"type":"binary-expr","locations":[{"start":{"line":70,"column":16},"end":{"line":70,"column":22},"skip":true},{"start":{"line":70,"column":27},"end":{"line":70,"column":32},"skip":true},{"start":{"line":71,"column":20},"end":{"line":71,"column":39},"skip":true},{"start":{"line":72,"column":20},"end":{"line":72,"column":49},"skip":true},{"start":{"line":73,"column":20},"end":{"line":73,"column":58},"skip":true},{"start":{"line":74,"column":20},"end":{"line":74,"column":69},"skip":true}]},"9":{"line":79,"type":"switch","locations":[{"start":{"line":80,"column":20},"end":{"line":80,"column":33},"skip":true},{"start":{"line":81,"column":20},"end":{"line":83,"column":30},"skip":true},{"start":{"line":84,"column":20},"end":{"line":85,"column":49},"skip":true}]},"10":{"line":89,"type":"switch","locations":[{"start":{"line":90,"column":12},"end":{"line":103,"column":22},"skip":true},{"start":{"line":105,"column":12},"end":{"line":106,"column":22},"skip":true}]},"11":{"line":89,"type":"binary-expr","locations":[{"start":{"line":89,"column":20},"end":{"line":89,"column":25},"skip":true},{"start":{"line":89,"column":29},"end":{"line":89,"column":48},"skip":true},{"start":{"line":89,"column":52},"end":{"line":89,"column":74},"skip":true}]},"12":{"line":92,"type":"if","locations":[{"start":{"line":92,"column":16},"end":{"line":92,"column":16},"skip":true},{"start":{"line":92,"column":16},"end":{"line":92,"column":16},"skip":true}]},"13":{"line":108,"type":"if","locations":[{"start":{"line":108,"column":12},"end":{"line":108,"column":12},"skip":true},{"start":{"line":108,"column":12},"end":{"line":108,"column":12},"skip":true}]},"14":{"line":108,"type":"binary-expr","locations":[{"start":{"line":108,"column":16},"end":{"line":108,"column":61},"skip":true},{"start":{"line":108,"column":66},"end":{"line":108,"column":72},"skip":true},{"start":{"line":108,"column":77},"end":{"line":108,"column":82},"skip":true},{"start":{"line":109,"column":20},"end":{"line":109,"column":39},"skip":true},{"start":{"line":110,"column":20},"end":{"line":110,"column":49},"skip":true},{"start":{"line":111,"column":20},"end":{"line":111,"column":58},"skip":true},{"start":{"line":112,"column":20},"end":{"line":112,"column":68},"skip":true}]},"15":{"line":129,"type":"if","locations":[{"start":{"line":129,"column":16},"end":{"line":129,"column":16},"skip":true},{"start":{"line":129,"column":16},"end":{"line":129,"column":16},"skip":true}]},"16":{"line":134,"type":"cond-expr","locations":[{"start":{"line":135,"column":26},"end":{"line":135,"column":29},"skip":true},{"start":{"line":136,"column":26},"end":{"line":136,"column":54},"skip":true}]},"17":{"line":164,"type":"binary-expr","locations":[{"start":{"line":164,"column":27},"end":{"line":164,"column":43},"skip":true},{"start":{"line":164,"column":47},"end":{"line":164,"column":49},"skip":true}]},"18":{"line":258,"type":"if","locations":[{"start":{"line":258,"column":8},"end":{"line":258,"column":8},"skip":true},{"start":{"line":258,"column":8},"end":{"line":258,"column":8},"skip":true}]},"19":{"line":275,"type":"switch","locations":[{"start":{"line":276,"column":20},"end":{"line":277,"column":64},"skip":true},{"start":{"line":278,"column":20},"end":{"line":279,"column":40},"skip":true},{"start":{"line":280,"column":20},"end":{"line":281,"column":40},"skip":true},{"start":{"line":282,"column":20},"end":{"line":283,"column":39},"skip":true}]},"20":{"line":288,"type":"if","locations":[{"start":{"line":288,"column":8},"end":{"line":288,"column":8},"skip":true},{"start":{"line":288,"column":8},"end":{"line":288,"column":8},"skip":true}]},"21":{"line":288,"type":"binary-expr","locations":[{"start":{"line":288,"column":12},"end":{"line":288,"column":40},"skip":true},{"start":{"line":288,"column":44},"end":{"line":288,"column":67},"skip":true}]},"22":{"line":292,"type":"binary-expr","locations":[{"start":{"line":292,"column":12},"end":{"line":292,"column":50},"skip":true},{"start":{"line":293,"column":12},"end":{"line":293,"column":53},"skip":true}]},"23":{"line":297,"type":"binary-expr","locations":[{"start":{"line":297,"column":12},"end":{"line":297,"column":69},"skip":true},{"start":{"line":298,"column":12},"end":{"line":301,"column":36},"skip":true}]},"24":{"line":303,"type":"binary-expr","locations":[{"start":{"line":303,"column":43},"end":{"line":303,"column":75},"skip":true},{"start":{"line":303,"column":79},"end":{"line":303,"column":81},"skip":true}]},"25":{"line":306,"type":"if","locations":[{"start":{"line":306,"column":8},"end":{"line":306,"column":8},"skip":true},{"start":{"line":306,"column":8},"end":{"line":306,"column":8},"skip":true}]},"26":{"line":310,"type":"if","locations":[{"start":{"line":310,"column":8},"end":{"line":310,"column":8},"skip":true},{"start":{"line":310,"column":8},"end":{"line":310,"column":8},"skip":true}]},"27":{"line":313,"type":"binary-expr","locations":[{"start":{"line":313,"column":27},"end":{"line":313,"column":43},"skip":true},{"start":{"line":313,"column":47},"end":{"line":313,"column":53},"skip":true}]},"28":{"line":317,"type":"if","locations":[{"start":{"line":317,"column":12},"end":{"line":317,"column":12},"skip":true},{"start":{"line":317,"column":12},"end":{"line":317,"column":12},"skip":true}]}},"code":["/*","example.js","","quickstart example","","instruction","    1. save this script as example.js","    2. run the shell command:","        $ npm install npmtest-picturefill && PORT=8081 node example.js","    3. play with the browser-demo on http://127.0.0.1:8081","*/","","","","/* istanbul instrument in package npmtest_picturefill */","/*jslint","    bitwise: true,","    browser: true,","    maxerr: 8,","    maxlen: 96,","    node: true,","    nomen: true,","    regexp: true,","    stupid: true","*/","(function () {","    'use strict';","    var local;","","","","    // run shared js-env code - pre-init","    (function () {","        // init local","        local = {};","        // init modeJs","        local.modeJs = (function () {","            try {","                return typeof navigator.userAgent === 'string' &&","                    typeof document.querySelector('body') === 'object' &&","                    typeof XMLHttpRequest.prototype.open === 'function' &&","                    'browser';","            } catch (errorCaughtBrowser) {","                return module.exports &&","                    typeof process.versions.node === 'string' &&","                    typeof require('http').createServer === 'function' &&","                    'node';","            }","        }());","        // init global","        local.global = local.modeJs === 'browser'","            ? window","            : global;","        // init utility2_rollup","        local = local.global.utility2_rollup || (local.modeJs === 'browser'","            ? local.global.utility2_npmtest_picturefill","            : global.utility2_moduleExports);","        // export local","        local.global.local = local;","    }());","    switch (local.modeJs) {","","","","    // post-init","    // run browser js-env code - post-init","    /* istanbul ignore next */","    case 'browser':","        local.testRunBrowser = function (event) {","            if (!event || (event &&","                    event.currentTarget &&","                    event.currentTarget.className &&","                    event.currentTarget.className.includes &&","                    event.currentTarget.className.includes('onreset'))) {","                // reset output","                Array.from(","                    document.querySelectorAll('body > .resettable')","                ).forEach(function (element) {","                    switch (element.tagName) {","                    case 'INPUT':","                    case 'TEXTAREA':","                        element.value = '';","                        break;","                    default:","                        element.textContent = '';","                    }","                });","            }","            switch (event && event.currentTarget && event.currentTarget.id) {","            case 'testRunButton1':","                // show tests","                if (document.querySelector('#testReportDiv1').style.display === 'none') {","                    document.querySelector('#testReportDiv1').style.display = 'block';","                    document.querySelector('#testRunButton1').textContent =","                        'hide internal test';","                    local.modeTest = true;","                    local.testRunDefault(local);","                // hide tests","                } else {","                    document.querySelector('#testReportDiv1').style.display = 'none';","                    document.querySelector('#testRunButton1').textContent = 'run internal test';","                }","                break;","            // custom-case","            default:","                break;","            }","            if (document.querySelector('#inputTextareaEval1') && (!event || (event &&","                    event.currentTarget &&","                    event.currentTarget.className &&","                    event.currentTarget.className.includes &&","                    event.currentTarget.className.includes('oneval')))) {","                // try to eval input-code","                try {","                    /*jslint evil: true*/","                    eval(document.querySelector('#inputTextareaEval1').value);","                } catch (errorCaught) {","                    console.error(errorCaught);","                }","            }","        };","        // log stderr and stdout to #outputTextareaStdout1","        ['error', 'log'].forEach(function (key) {","            console[key + '_original'] = console[key];","            console[key] = function () {","                var element;","                console[key + '_original'].apply(console, arguments);","                element = document.querySelector('#outputTextareaStdout1');","                if (!element) {","                    return;","                }","                // append text to #outputTextareaStdout1","                element.value += Array.from(arguments).map(function (arg) {","                    return typeof arg === 'string'","                        ? arg","                        : JSON.stringify(arg, null, 4);","                }).join(' ') + '\\n';","                // scroll textarea to bottom","                element.scrollTop = element.scrollHeight;","            };","        });","        // init event-handling","        ['change', 'click', 'keyup'].forEach(function (event) {","            Array.from(document.querySelectorAll('.on' + event)).forEach(function (element) {","                element.addEventListener(event, local.testRunBrowser);","            });","        });","        // run tests","        local.testRunBrowser();","        break;","","","","    // run node js-env code - post-init","    /* istanbul ignore next */","    case 'node':","        // export local","        module.exports = local;","        // require modules","        local.fs = require('fs');","        local.http = require('http');","        local.url = require('url');","        // init assets","        local.assetsDict = local.assetsDict || {};","        /* jslint-ignore-begin */","        local.assetsDict['/assets.index.template.html'] = '\\","<!doctype html>\\n\\","<html lang=\"en\">\\n\\","<head>\\n\\","<meta charset=\"UTF-8\">\\n\\","<meta name=\"viewport\" content=\"width=device-width, initial-scale=1\">\\n\\","<title>{{env.npm_package_name}} (v{{env.npm_package_version}})</title>\\n\\","<style>\\n\\","/*csslint\\n\\","    box-sizing: false,\\n\\","    universal-selector: false\\n\\","*/\\n\\","* {\\n\\","    box-sizing: border-box;\\n\\","}\\n\\","body {\\n\\","    background: #dde;\\n\\","    font-family: Arial, Helvetica, sans-serif;\\n\\","    margin: 2rem;\\n\\","}\\n\\","body > * {\\n\\","    margin-bottom: 1rem;\\n\\","}\\n\\",".utility2FooterDiv {\\n\\","    margin-top: 20px;\\n\\","    text-align: center;\\n\\","}\\n\\","</style>\\n\\","<style>\\n\\","/*csslint\\n\\","*/\\n\\","textarea {\\n\\","    font-family: monospace;\\n\\","    height: 10rem;\\n\\","    width: 100%;\\n\\","}\\n\\","textarea[readonly] {\\n\\","    background: #ddd;\\n\\","}\\n\\","</style>\\n\\","</head>\\n\\","<body>\\n\\","<!-- utility2-comment\\n\\","<div id=\"ajaxProgressDiv1\" style=\"background: #d00; height: 2px; left: 0; margin: 0; padding: 0; position: fixed; top: 0; transition: background 0.5s, width 1.5s; width: 25%;\"></div>\\n\\","utility2-comment -->\\n\\","<h1>\\n\\","<!-- utility2-comment\\n\\","    <a\\n\\","        {{#if env.npm_package_homepage}}\\n\\","        href=\"{{env.npm_package_homepage}}\"\\n\\","        {{/if env.npm_package_homepage}}\\n\\","        target=\"_blank\"\\n\\","    >\\n\\","utility2-comment -->\\n\\","        {{env.npm_package_name}} (v{{env.npm_package_version}})\\n\\","<!-- utility2-comment\\n\\","    </a>\\n\\","utility2-comment -->\\n\\","</h1>\\n\\","<h3>{{env.npm_package_description}}</h3>\\n\\","<!-- utility2-comment\\n\\","<h4><a download href=\"assets.app.js\">download standalone app</a></h4>\\n\\","<button class=\"onclick onreset\" id=\"testRunButton1\">run internal test</button><br>\\n\\","<div id=\"testReportDiv1\" style=\"display: none;\"></div>\\n\\","utility2-comment -->\\n\\","\\n\\","\\n\\","\\n\\","<label>stderr and stdout</label>\\n\\","<textarea class=\"resettable\" id=\"outputTextareaStdout1\" readonly></textarea>\\n\\","<!-- utility2-comment\\n\\","{{#if isRollup}}\\n\\","<script src=\"assets.app.js\"></script>\\n\\","{{#unless isRollup}}\\n\\","utility2-comment -->\\n\\","<script src=\"assets.utility2.rollup.js\"></script>\\n\\","<script src=\"jsonp.utility2._stateInit?callback=window.utility2._stateInit\"></script>\\n\\","<script src=\"assets.npmtest_picturefill.rollup.js\"></script>\\n\\","<script src=\"assets.example.js\"></script>\\n\\","<script src=\"assets.test.js\"></script>\\n\\","<!-- utility2-comment\\n\\","{{/if isRollup}}\\n\\","utility2-comment -->\\n\\","<div class=\"utility2FooterDiv\">\\n\\","    [ this app was created with\\n\\","    <a href=\"https://github.com/kaizhu256/node-utility2\" target=\"_blank\">utility2</a>\\n\\","    ]\\n\\","</div>\\n\\","</body>\\n\\","</html>\\n\\","';","        /* jslint-ignore-end */","        if (local.templateRender) {","            local.assetsDict['/'] = local.templateRender(","                local.assetsDict['/assets.index.template.html'],","                {","                    env: local.objectSetDefault(local.env, {","                        npm_package_description: 'the greatest app in the world!',","                        npm_package_name: 'my-app',","                        npm_package_nameAlias: 'my_app',","                        npm_package_version: '0.0.1'","                    })","                }","            );","        } else {","            local.assetsDict['/'] = local.assetsDict['/assets.index.template.html']","                .replace((/\\{\\{env\\.(\\w+?)\\}\\}/g), function (match0, match1) {","                    // jslint-hack","                    String(match0);","                    switch (match1) {","                    case 'npm_package_description':","                        return 'the greatest app in the world!';","                    case 'npm_package_name':","                        return 'my-app';","                    case 'npm_package_nameAlias':","                        return 'my_app';","                    case 'npm_package_version':","                        return '0.0.1';","                    }","                });","        }","        // run the cli","        if (local.global.utility2_rollup || module !== require.main) {","            break;","        }","        local.assetsDict['/assets.example.js'] =","            local.assetsDict['/assets.example.js'] ||","            local.fs.readFileSync(__filename, 'utf8');","        // bug-workaround - long $npm_package_buildCustomOrg","        /* jslint-ignore-begin */","        local.assetsDict['/assets.npmtest_picturefill.rollup.js'] =","            local.assetsDict['/assets.npmtest_picturefill.rollup.js'] ||","            local.fs.readFileSync(","                local.npmtest_picturefill.__dirname + '/lib.npmtest_picturefill.js',","                'utf8'","            ).replace((/^#!/), '//');","        /* jslint-ignore-end */","        local.assetsDict['/favicon.ico'] = local.assetsDict['/favicon.ico'] || '';","        // if $npm_config_timeout_exit exists,","        // then exit this process after $npm_config_timeout_exit ms","        if (Number(process.env.npm_config_timeout_exit)) {","            setTimeout(process.exit, Number(process.env.npm_config_timeout_exit));","        }","        // start server","        if (local.global.utility2_serverHttp1) {","            break;","        }","        process.env.PORT = process.env.PORT || '8081';","        console.error('server starting on port ' + process.env.PORT);","        local.http.createServer(function (request, response) {","            request.urlParsed = local.url.parse(request.url);","            if (local.assetsDict[request.urlParsed.pathname] !== undefined) {","                response.end(local.assetsDict[request.urlParsed.pathname]);","                return;","            }","            response.statusCode = 404;","            response.end();","        }).listen(process.env.PORT);","        break;","    }","}());",""],"l":{"26":2,"28":2,"33":2,"35":2,"37":2,"38":2,"39":2,"44":1,"51":2,"55":2,"59":2,"61":2,"69":1,"70":2,"76":2,"79":2,"82":2,"83":2,"85":1,"89":2,"92":1,"93":1,"94":1,"96":1,"97":1,"100":1,"101":1,"103":1,"106":1,"108":2,"114":1,"116":1,"118":1,"123":1,"124":2,"125":2,"126":3,"127":3,"128":3,"129":3,"130":1,"133":3,"134":3,"139":3,"143":1,"144":3,"145":1,"149":1,"150":1,"158":1,"160":1,"161":1,"162":1,"164":1,"166":1,"258":1,"259":1,"271":1,"274":6,"275":6,"277":1,"279":2,"281":1,"283":2,"288":1,"289":1,"291":1,"296":1,"303":1,"306":1,"307":1,"310":1,"311":1,"313":1,"314":1,"315":1,"316":1,"317":1,"318":1,"319":1,"321":1,"322":1,"324":1}},"/home/travis/build/npmtest/node-npmtest-picturefill/node_modules/picturefill/dist/picturefill.js":{"path":"/home/travis/build/npmtest/node-npmtest-picturefill/node_modules/picturefill/dist/picturefill.js","s":{"1":2,"2":0,"3":0,"4":0,"5":0,"6":0,"7":0,"8":0,"9":0,"10":0,"11":0,"12":0,"13":0,"14":0,"15":0,"16":0,"17":0,"18":0,"19":0,"20":0,"21":0,"22":0,"23":0,"24":0,"25":0,"26":0,"27":0,"28":0,"29":0,"30":0,"31":0,"32":0,"33":0,"34":0,"35":0,"36":0,"37":0,"38":0,"39":0,"40":0,"41":0,"42":0,"43":0,"44":0,"45":0,"46":0,"47":0,"48":0,"49":0,"50":0,"51":0,"52":0,"53":0,"54":0,"55":0,"56":0,"57":0,"58":0,"59":0,"60":0,"61":0,"62":0,"63":0,"64":0,"65":0,"66":0,"67":0,"68":0,"69":0,"70":0,"71":0,"72":0,"73":0,"74":0,"75":0,"76":0,"77":0,"78":0,"79":0,"80":0,"81":1,"82":0,"83":0,"84":0,"85":0,"86":0,"87":0,"88":0,"89":0,"90":0,"91":0,"92":0,"93":0,"94":0,"95":0,"96":0,"97":0,"98":0,"99":0,"100":0,"101":0,"102":0,"103":0,"104":0,"105":0,"106":0,"107":0,"108":0,"109":0,"110":0,"111":0,"112":0,"113":0,"114":0,"115":0,"116":0,"117":0,"118":0,"119":0,"120":0,"121":0,"122":0,"123":0,"124":0,"125":0,"126":0,"127":0,"128":0,"129":0,"130":0,"131":1,"132":0,"133":0,"134":0,"135":0,"136":0,"137":0,"138":0,"139":0,"140":0,"141":0,"142":1,"143":0,"144":0,"145":0,"146":0,"147":0,"148":0,"149":0,"150":0,"151":0,"152":0,"153":0,"154":0,"155":1,"156":0,"157":0,"158":0,"159":0,"160":0,"161":0,"162":0,"163":0,"164":0,"165":0,"166":0,"167":0,"168":1,"169":0,"170":0,"171":0,"172":0,"173":0,"174":0,"175":0,"176":0,"177":0,"178":1,"179":0,"180":1,"181":0,"182":0,"183":0,"184":0,"185":0,"186":0,"187":0,"188":0,"189":0,"190":0,"191":0,"192":0,"193":1,"194":0,"195":0,"196":0,"197":0,"198":0,"199":0,"200":0,"201":0,"202":0,"203":1,"204":0,"205":0,"206":0,"207":0,"208":0,"209":0,"210":0,"211":0,"212":1,"213":1,"214":0,"215":0,"216":0,"217":0,"218":0,"219":0,"220":1,"221":0,"222":0,"223":0,"224":0,"225":0,"226":0,"227":0,"228":0,"229":0,"230":0,"231":0,"232":0,"233":0,"234":0,"235":0,"236":0,"237":0,"238":0,"239":0,"240":0,"241":0,"242":0,"243":0,"244":0,"245":0,"246":0,"247":0,"248":0,"249":0,"250":0,"251":0,"252":0,"253":0,"254":0,"255":0,"256":0,"257":0,"258":0,"259":0,"260":0,"261":1,"262":0,"263":0,"264":0,"265":0,"266":0,"267":0,"268":0,"269":0,"270":0,"271":0,"272":0,"273":0,"274":0,"275":0,"276":0,"277":0,"278":0,"279":0,"280":0,"281":0,"282":0,"283":0,"284":0,"285":0,"286":0,"287":0,"288":0,"289":0,"290":0,"291":0,"292":0,"293":0,"294":0,"295":0,"296":0,"297":0,"298":0,"299":0,"300":0,"301":0,"302":0,"303":0,"304":0,"305":0,"306":0,"307":0,"308":0,"309":0,"310":0,"311":0,"312":0,"313":0,"314":0,"315":1,"316":0,"317":0,"318":0,"319":0,"320":0,"321":0,"322":0,"323":0,"324":1,"325":0,"326":0,"327":0,"328":0,"329":0,"330":0,"331":0,"332":1,"333":0,"334":0,"335":0,"336":1,"337":0,"338":0,"339":0,"340":0,"341":0,"342":0,"343":0,"344":0,"345":0,"346":0,"347":0,"348":0,"349":0,"350":0,"351":0,"352":0,"353":0,"354":0,"355":0,"356":0,"357":0,"358":0,"359":0,"360":0,"361":0,"362":0,"363":0,"364":0,"365":0,"366":0,"367":0,"368":0,"369":0,"370":0,"371":0,"372":0,"373":0,"374":0,"375":0,"376":0,"377":0,"378":1,"379":0,"380":0,"381":0,"382":0,"383":0,"384":0,"385":0,"386":0,"387":0,"388":0,"389":0,"390":0,"391":0,"392":0,"393":0,"394":0,"395":0,"396":0,"397":0,"398":0,"399":0,"400":0,"401":0,"402":0,"403":0,"404":0,"405":0,"406":0,"407":0,"408":0,"409":0,"410":0,"411":0,"412":0,"413":0,"414":0,"415":0,"416":0,"417":0,"418":0,"419":0,"420":0,"421":0,"422":0,"423":0,"424":0,"425":0,"426":0,"427":0,"428":0,"429":0,"430":0,"431":0,"432":0,"433":0,"434":0,"435":0,"436":0,"437":0,"438":0,"439":0,"440":0,"441":0,"442":0,"443":0,"444":0,"445":0,"446":0,"447":0,"448":0,"449":0,"450":0,"451":0,"452":0,"453":0,"454":0,"455":0,"456":0,"457":0,"458":0,"459":0,"460":0,"461":0,"462":0,"463":0,"464":0,"465":0,"466":0,"467":0,"468":0,"469":0,"470":0,"471":0,"472":0,"473":0,"474":0,"475":0,"476":0,"477":0,"478":0,"479":0,"480":0,"481":0,"482":0,"483":0,"484":0,"485":0,"486":0,"487":0,"488":0,"489":0,"490":0,"491":0,"492":0,"493":0,"494":0,"495":0,"496":0,"497":0,"498":0,"499":0,"500":0,"501":0,"502":0,"503":0,"504":0,"505":0,"506":0,"507":0,"508":0,"509":0,"510":0,"511":0,"512":0,"513":0,"514":0,"515":0,"516":0,"517":0,"518":0,"519":0,"520":0,"521":0,"522":0,"523":0,"524":0,"525":0,"526":0,"527":0,"528":0,"529":0,"530":0,"531":0,"532":0,"533":0,"534":0,"535":0,"536":0,"537":0,"538":0,"539":0,"540":0,"541":0,"542":0,"543":0,"544":0,"545":0,"546":0,"547":0,"548":0,"549":0,"550":0,"551":0,"552":0,"553":0,"554":0,"555":0,"556":0,"557":0,"558":0,"559":0,"560":0,"561":0,"562":0,"563":0,"564":0,"565":0,"566":0,"567":0,"568":0,"569":0,"570":0,"571":0,"572":0,"573":0,"574":0,"575":0,"576":0,"577":0,"578":0,"579":0,"580":0,"581":0,"582":0,"583":0,"584":0,"585":0,"586":0,"587":0,"588":0,"589":0,"590":0,"591":0,"592":0,"593":0,"594":0,"595":0,"596":0,"597":0,"598":0,"599":0,"600":0,"601":0,"602":0,"603":0,"604":0,"605":0,"606":0,"607":0,"608":0,"609":0,"610":0,"611":0,"612":0,"613":0,"614":0,"615":0,"616":0,"617":0,"618":0,"619":0,"620":0,"621":0,"622":0,"623":0,"624":0,"625":0,"626":0,"627":0,"628":0,"629":0,"630":0,"631":0,"632":0,"633":0,"634":0,"635":0,"636":0,"637":0,"638":0,"639":0,"640":0,"641":0,"642":0,"643":0,"644":0,"645":0,"646":0,"647":0,"648":0,"649":0,"650":0,"651":0,"652":0,"653":0,"654":0,"655":0},"b":{"1":[0,0],"2":[0,0,0,0],"3":[0,0],"4":[0,0],"5":[0,0],"6":[0,0],"7":[0,0],"8":[0,0],"9":[0,0],"10":[0,0],"11":[0,0,0,0],"12":[0,0],"13":[0,0],"14":[0,0],"15":[0,0],"16":[0,0,0,0,0],"17":[0,0],"18":[0,0],"19":[0,0],"20":[0,0],"21":[0,0],"22":[0,0],"23":[0,0],"24":[0,0],"25":[0,0],"26":[0,0],"27":[0,0],"28":[0,0],"29":[0,0],"30":[0,0],"31":[0,0],"32":[0,0],"33":[0,0],"34":[0,0],"35":[0,0],"36":[0,0],"37":[0,0],"38":[0,0],"39":[0,0],"40":[0,0],"41":[0,0],"42":[0,0],"43":[0,0],"44":[0,0],"45":[0,0],"46":[0,0],"47":[0,0],"48":[0,0],"49":[0,0],"50":[0,0],"51":[0,0],"52":[0,0],"53":[0,0],"54":[0,0],"55":[0,0],"56":[0,0],"57":[0,0],"58":[0,0],"59":[0,0],"60":[0,0],"61":[0,0],"62":[0,0],"63":[0,0,0],"64":[0,0],"65":[0,0],"66":[0,0],"67":[0,0],"68":[0,0],"69":[0,0],"70":[0,0],"71":[0,0],"72":[0,0],"73":[0,0],"74":[0,0],"75":[0,0,0],"76":[0,0],"77":[0,0],"78":[0,0],"79":[0,0],"80":[0,0],"81":[0,0],"82":[0,0],"83":[0,0],"84":[0,0],"85":[0,0],"86":[0,0],"87":[0,0],"88":[0,0],"89":[0,0],"90":[0,0],"91":[0,0],"92":[0,0],"93":[0,0],"94":[0,0],"95":[0,0],"96":[0,0],"97":[0,0],"98":[0,0],"99":[0,0],"100":[0,0],"101":[0,0,0],"102":[0,0],"103":[0,0],"104":[0,0],"105":[0,0],"106":[0,0],"107":[0,0],"108":[0,0],"109":[0,0],"110":[0,0],"111":[0,0],"112":[0,0,0],"113":[0,0],"114":[0,0],"115":[0,0],"116":[0,0],"117":[0,0,0],"118":[0,0],"119":[0,0],"120":[0,0],"121":[0,0],"122":[0,0],"123":[0,0],"124":[0,0],"125":[0,0],"126":[0,0],"127":[0,0],"128":[0,0],"129":[0,0],"130":[0,0],"131":[0,0],"132":[0,0],"133":[0,0],"134":[0,0],"135":[0,0],"136":[0,0],"137":[0,0],"138":[0,0],"139":[0,0],"140":[0,0],"141":[0,0],"142":[0,0],"143":[0,0],"144":[0,0],"145":[0,0],"146":[0,0],"147":[0,0],"148":[0,0],"149":[0,0,0],"150":[0,0],"151":[0,0],"152":[0,0],"153":[0,0],"154":[0,0],"155":[0,0,0,0],"156":[0,0],"157":[0,0],"158":[0,0],"159":[0,0],"160":[0,0],"161":[0,0],"162":[0,0,0],"163":[0,0],"164":[0,0],"165":[0,0],"166":[0,0],"167":[0,0],"168":[0,0],"169":[0,0,0,0],"170":[0,0],"171":[0,0],"172":[0,0,0],"173":[0,0],"174":[0,0],"175":[0,0,0,0],"176":[0,0],"177":[0,0,0,0,0],"178":[0,0],"179":[0,0,0],"180":[0,0],"181":[0,0],"182":[0,0,0,0,0],"183":[0,0],"184":[0,0],"185":[0,0],"186":[0,0],"187":[0,0],"188":[0,0],"189":[0,0],"190":[0,0],"191":[0,0],"192":[0,0,0],"193":[0,0],"194":[0,0],"195":[0,0],"196":[0,0],"197":[0,0],"198":[0,0],"199":[0,0],"200":[0,0],"201":[0,0],"202":[0,0],"203":[0,0],"204":[0,0],"205":[0,0],"206":[0,0],"207":[0,0],"208":[0,0],"209":[0,0],"210":[0,0],"211":[0,0],"212":[0,0],"213":[0,0]},"f":{"1":0,"2":0,"3":0,"4":0,"5":0,"6":0,"7":0,"8":0,"9":0,"10":0,"11":0,"12":0,"13":0,"14":0,"15":0,"16":0,"17":0,"18":0,"19":0,"20":0,"21":0,"22":0,"23":0,"24":0,"25":0,"26":0,"27":0,"28":0,"29":0,"30":0,"31":0,"32":0,"33":0,"34":0,"35":0,"36":0,"37":0,"38":0,"39":0,"40":0,"41":0,"42":0,"43":0,"44":0,"45":0,"46":0,"47":0,"48":0,"49":0,"50":0,"51":0,"52":0,"53":0,"54":0,"55":0,"56":0,"57":0,"58":0,"59":0,"60":0,"61":0,"62":0,"63":0,"64":0,"65":0,"66":0,"67":0,"68":0,"69":0},"fnMap":{"1":{"name":"(anonymous_1)","line":10,"loc":{"start":{"line":10,"column":1},"end":{"line":10,"column":18}}},"2":{"name":"(anonymous_2)","line":15,"loc":{"start":{"line":15,"column":30},"end":{"line":15,"column":41}}},"3":{"name":"(anonymous_3)","line":20,"loc":{"start":{"line":20,"column":20},"end":{"line":20,"column":34}}},"4":{"name":"(anonymous_4)","line":28,"loc":{"start":{"line":28,"column":16},"end":{"line":28,"column":27}}},"5":{"name":"(anonymous_5)","line":35,"loc":{"start":{"line":35,"column":16},"end":{"line":35,"column":27}}},"6":{"name":"(anonymous_6)","line":41,"loc":{"start":{"line":41,"column":25},"end":{"line":41,"column":36}}},"7":{"name":"(anonymous_7)","line":48,"loc":{"start":{"line":48,"column":18},"end":{"line":48,"column":29}}},"8":{"name":"(anonymous_8)","line":53,"loc":{"start":{"line":53,"column":14},"end":{"line":53,"column":25}}},"9":{"name":"(anonymous_9)","line":80,"loc":{"start":{"line":80,"column":1},"end":{"line":80,"column":41}}},"10":{"name":"(anonymous_10)","line":91,"loc":{"start":{"line":91,"column":12},"end":{"line":91,"column":23}}},"11":{"name":"(anonymous_11)","line":150,"loc":{"start":{"line":150,"column":10},"end":{"line":150,"column":42}}},"12":{"name":"(anonymous_12)","line":162,"loc":{"start":{"line":162,"column":15},"end":{"line":162,"column":28}}},"13":{"name":"(anonymous_13)","line":164,"loc":{"start":{"line":164,"column":9},"end":{"line":164,"column":25}}},"14":{"name":"isSpace","line":176,"loc":{"start":{"line":176,"column":1},"end":{"line":176,"column":21}}},"15":{"name":"(anonymous_15)","line":191,"loc":{"start":{"line":191,"column":16},"end":{"line":191,"column":27}}},"16":{"name":"(anonymous_16)","line":194,"loc":{"start":{"line":194,"column":16},"end":{"line":194,"column":27}}},"17":{"name":"(anonymous_17)","line":202,"loc":{"start":{"line":202,"column":25},"end":{"line":202,"column":39}}},"18":{"name":"(anonymous_18)","line":227,"loc":{"start":{"line":227,"column":9},"end":{"line":227,"column":31}}},"19":{"name":"(anonymous_19)","line":245,"loc":{"start":{"line":245,"column":21},"end":{"line":245,"column":54}}},"20":{"name":"(anonymous_20)","line":259,"loc":{"start":{"line":259,"column":19},"end":{"line":259,"column":35}}},"21":{"name":"(anonymous_21)","line":298,"loc":{"start":{"line":298,"column":2},"end":{"line":298,"column":22}}},"22":{"name":"detectTypeSupport","line":313,"loc":{"start":{"line":313,"column":1},"end":{"line":313,"column":45}}},"23":{"name":"(anonymous_23)","line":317,"loc":{"start":{"line":317,"column":18},"end":{"line":317,"column":29}}},"24":{"name":"(anonymous_24)","line":321,"loc":{"start":{"line":321,"column":17},"end":{"line":321,"column":28}}},"25":{"name":"updateMetrics","line":335,"loc":{"start":{"line":335,"column":1},"end":{"line":335,"column":26}}},"26":{"name":"chooseLowRes","line":356,"loc":{"start":{"line":356,"column":1},"end":{"line":356,"column":70}}},"27":{"name":"applyBestCandidate","line":384,"loc":{"start":{"line":384,"column":1},"end":{"line":384,"column":36}}},"28":{"name":"ascendingSort","line":398,"loc":{"start":{"line":398,"column":1},"end":{"line":398,"column":32}}},"29":{"name":"setSrcToCur","line":402,"loc":{"start":{"line":402,"column":1},"end":{"line":402,"column":39}}},"30":{"name":"getCandidateForSrc","line":423,"loc":{"start":{"line":423,"column":1},"end":{"line":423,"column":41}}},"31":{"name":"getAllSourceElements","line":438,"loc":{"start":{"line":438,"column":1},"end":{"line":438,"column":54}}},"32":{"name":"parseSrcset","line":478,"loc":{"start":{"line":478,"column":1},"end":{"line":478,"column":34}}},"33":{"name":"collectCharacters","line":480,"loc":{"start":{"line":480,"column":2},"end":{"line":480,"column":36}}},"34":{"name":"parseDescriptors","line":511,"loc":{"start":{"line":511,"column":2},"end":{"line":511,"column":30}}},"35":{"name":"tokenize","line":597,"loc":{"start":{"line":597,"column":2},"end":{"line":597,"column":22}}},"36":{"name":"parseSizes","line":780,"loc":{"start":{"line":780,"column":1},"end":{"line":780,"column":31}}},"37":{"name":"parseComponentValues","line":810,"loc":{"start":{"line":810,"column":2},"end":{"line":810,"column":37}}},"38":{"name":"pushComponent","line":819,"loc":{"start":{"line":819,"column":3},"end":{"line":819,"column":28}}},"39":{"name":"pushComponentArray","line":826,"loc":{"start":{"line":826,"column":3},"end":{"line":826,"column":33}}},"40":{"name":"isValidNonNegativeSourceSizeValue","line":886,"loc":{"start":{"line":886,"column":2},"end":{"line":886,"column":48}}},"41":{"name":"(anonymous_41)","line":971,"loc":{"start":{"line":971,"column":3},"end":{"line":971,"column":20}}},"42":{"name":"(anonymous_42)","line":982,"loc":{"start":{"line":982,"column":3},"end":{"line":982,"column":14}}},"43":{"name":"(anonymous_43)","line":986,"loc":{"start":{"line":986,"column":14},"end":{"line":986,"column":25}}},"44":{"name":"(anonymous_44)","line":1035,"loc":{"start":{"line":1035,"column":22},"end":{"line":1035,"column":36}}},"45":{"name":"(anonymous_45)","line":1047,"loc":{"start":{"line":1047,"column":10},"end":{"line":1047,"column":33}}},"46":{"name":"(anonymous_46)","line":1056,"loc":{"start":{"line":1056,"column":19},"end":{"line":1056,"column":30}}},"47":{"name":"(anonymous_47)","line":1058,"loc":{"start":{"line":1058,"column":21},"end":{"line":1058,"column":39}}},"48":{"name":"(anonymous_48)","line":1074,"loc":{"start":{"line":1074,"column":10},"end":{"line":1074,"column":28}}},"49":{"name":"(anonymous_49)","line":1087,"loc":{"start":{"line":1087,"column":17},"end":{"line":1087,"column":45}}},"50":{"name":"(anonymous_50)","line":1101,"loc":{"start":{"line":1101,"column":19},"end":{"line":1101,"column":36}}},"51":{"name":"(anonymous_51)","line":1110,"loc":{"start":{"line":1110,"column":24},"end":{"line":1110,"column":50}}},"52":{"name":"(anonymous_52)","line":1118,"loc":{"start":{"line":1118,"column":15},"end":{"line":1118,"column":31}}},"53":{"name":"(anonymous_53)","line":1130,"loc":{"start":{"line":1130,"column":17},"end":{"line":1130,"column":28}}},"54":{"name":"(anonymous_54)","line":1162,"loc":{"start":{"line":1162,"column":21},"end":{"line":1162,"column":51}}},"55":{"name":"(anonymous_55)","line":1185,"loc":{"start":{"line":1185,"column":13},"end":{"line":1185,"column":29}}},"56":{"name":"(anonymous_56)","line":1200,"loc":{"start":{"line":1200,"column":24},"end":{"line":1200,"column":52}}},"57":{"name":"(anonymous_57)","line":1279,"loc":{"start":{"line":1279,"column":13},"end":{"line":1279,"column":44}}},"58":{"name":"(anonymous_58)","line":1296,"loc":{"start":{"line":1296,"column":13},"end":{"line":1296,"column":29}}},"59":{"name":"(anonymous_59)","line":1319,"loc":{"start":{"line":1319,"column":16},"end":{"line":1319,"column":53}}},"60":{"name":"(anonymous_60)","line":1401,"loc":{"start":{"line":1401,"column":14},"end":{"line":1401,"column":41}}},"61":{"name":"(anonymous_61)","line":1430,"loc":{"start":{"line":1430,"column":15},"end":{"line":1430,"column":26}}},"62":{"name":"(anonymous_62)","line":1443,"loc":{"start":{"line":1443,"column":3},"end":{"line":1443,"column":14}}},"63":{"name":"(anonymous_63)","line":1447,"loc":{"start":{"line":1447,"column":13},"end":{"line":1447,"column":24}}},"64":{"name":"(anonymous_64)","line":1465,"loc":{"start":{"line":1465,"column":18},"end":{"line":1465,"column":39}}},"65":{"name":"(anonymous_65)","line":1467,"loc":{"start":{"line":1467,"column":16},"end":{"line":1467,"column":27}}},"66":{"name":"(anonymous_66)","line":1478,"loc":{"start":{"line":1478,"column":11},"end":{"line":1478,"column":22}}},"67":{"name":"(anonymous_67)","line":1487,"loc":{"start":{"line":1487,"column":18},"end":{"line":1487,"column":29}}},"68":{"name":"(anonymous_68)","line":1510,"loc":{"start":{"line":1510,"column":8},"end":{"line":1510,"column":23}}},"69":{"name":"(anonymous_69)","line":1536,"loc":{"start":{"line":1536,"column":25},"end":{"line":1536,"column":36}}}},"statementMap":{"1":{"start":{"line":10,"column":0},"end":{"line":72,"column":11}},"2":{"start":{"line":12,"column":1},"end":{"line":12,"column":30}},"3":{"start":{"line":14,"column":1},"end":{"line":71,"column":2}},"4":{"start":{"line":15,"column":2},"end":{"line":70,"column":8}},"5":{"start":{"line":16,"column":3},"end":{"line":16,"column":13}},"6":{"start":{"line":18,"column":3},"end":{"line":18,"column":51}},"7":{"start":{"line":20,"column":3},"end":{"line":39,"column":5}},"8":{"start":{"line":21,"column":4},"end":{"line":21,"column":22}},"9":{"start":{"line":22,"column":4},"end":{"line":22,"column":33}},"10":{"start":{"line":24,"column":4},"end":{"line":38,"column":5}},"11":{"start":{"line":25,"column":5},"end":{"line":25,"column":35}},"12":{"start":{"line":27,"column":5},"end":{"line":27,"column":61}},"13":{"start":{"line":28,"column":5},"end":{"line":30,"column":8}},"14":{"start":{"line":29,"column":6},"end":{"line":29,"column":34}},"15":{"start":{"line":31,"column":11},"end":{"line":38,"column":5}},"16":{"start":{"line":32,"column":5},"end":{"line":32,"column":39}},"17":{"start":{"line":33,"column":5},"end":{"line":33,"column":23}},"18":{"start":{"line":34,"column":5},"end":{"line":34,"column":27}},"19":{"start":{"line":35,"column":5},"end":{"line":37,"column":8}},"20":{"start":{"line":36,"column":6},"end":{"line":36,"column":24}},"21":{"start":{"line":41,"column":3},"end":{"line":47,"column":5}},"22":{"start":{"line":42,"column":4},"end":{"line":42,"column":10}},"23":{"start":{"line":43,"column":4},"end":{"line":43,"column":78}},"24":{"start":{"line":44,"column":4},"end":{"line":46,"column":5}},"25":{"start":{"line":45,"column":5},"end":{"line":45,"column":25}},"26":{"start":{"line":48,"column":3},"end":{"line":51,"column":5}},"27":{"start":{"line":49,"column":4},"end":{"line":49,"column":24}},"28":{"start":{"line":50,"column":4},"end":{"line":50,"column":44}},"29":{"start":{"line":52,"column":3},"end":{"line":52,"column":72}},"30":{"start":{"line":53,"column":3},"end":{"line":59,"column":5}},"31":{"start":{"line":54,"column":4},"end":{"line":54,"column":15}},"32":{"start":{"line":56,"column":4},"end":{"line":58,"column":5}},"33":{"start":{"line":57,"column":5},"end":{"line":57,"column":30}},"34":{"start":{"line":61,"column":3},"end":{"line":61,"column":98}},"35":{"start":{"line":63,"column":3},"end":{"line":67,"column":4}},"36":{"start":{"line":64,"column":4},"end":{"line":64,"column":11}},"37":{"start":{"line":66,"column":4},"end":{"line":66,"column":56}},"38":{"start":{"line":69,"column":3},"end":{"line":69,"column":19}},"39":{"start":{"line":80,"column":0},"end":{"line":1544,"column":24}},"40":{"start":{"line":85,"column":1},"end":{"line":85,"column":37}},"41":{"start":{"line":87,"column":1},"end":{"line":87,"column":50}},"42":{"start":{"line":89,"column":1},"end":{"line":89,"column":13}},"43":{"start":{"line":90,"column":1},"end":{"line":90,"column":32}},"44":{"start":{"line":91,"column":1},"end":{"line":91,"column":26}},"45":{"start":{"line":92,"column":1},"end":{"line":92,"column":45}},"46":{"start":{"line":93,"column":1},"end":{"line":93,"column":37}},"47":{"start":{"line":94,"column":1},"end":{"line":94,"column":37}},"48":{"start":{"line":95,"column":1},"end":{"line":95,"column":43}},"49":{"start":{"line":96,"column":1},"end":{"line":96,"column":40}},"50":{"start":{"line":97,"column":1},"end":{"line":97,"column":16}},"51":{"start":{"line":98,"column":1},"end":{"line":101,"column":3}},"52":{"start":{"line":102,"column":1},"end":{"line":102,"column":28}},"53":{"start":{"line":103,"column":1},"end":{"line":103,"column":34}},"54":{"start":{"line":106,"column":1},"end":{"line":106,"column":30}},"55":{"start":{"line":107,"column":1},"end":{"line":107,"column":107}},"56":{"start":{"line":108,"column":1},"end":{"line":108,"column":31}},"57":{"start":{"line":109,"column":1},"end":{"line":109,"column":36}},"58":{"start":{"line":110,"column":1},"end":{"line":110,"column":37}},"59":{"start":{"line":111,"column":1},"end":{"line":111,"column":40}},"60":{"start":{"line":116,"column":1},"end":{"line":116,"column":168}},"61":{"start":{"line":117,"column":1},"end":{"line":117,"column":41}},"62":{"start":{"line":118,"column":1},"end":{"line":118,"column":22}},"63":{"start":{"line":120,"column":1},"end":{"line":120,"column":19}},"64":{"start":{"line":121,"column":1},"end":{"line":121,"column":26}},"65":{"start":{"line":122,"column":1},"end":{"line":122,"column":35}},"66":{"start":{"line":123,"column":1},"end":{"line":126,"column":3}},"67":{"start":{"line":127,"column":1},"end":{"line":127,"column":44}},"68":{"start":{"line":132,"column":1},"end":{"line":132,"column":24}},"69":{"start":{"line":137,"column":1},"end":{"line":148,"column":78}},"70":{"start":{"line":150,"column":1},"end":{"line":156,"column":3}},"71":{"start":{"line":151,"column":2},"end":{"line":155,"column":3}},"72":{"start":{"line":152,"column":3},"end":{"line":152,"column":51}},"73":{"start":{"line":153,"column":9},"end":{"line":155,"column":3}},"74":{"start":{"line":154,"column":3},"end":{"line":154,"column":36}},"75":{"start":{"line":162,"column":1},"end":{"line":170,"column":3}},"76":{"start":{"line":163,"column":2},"end":{"line":163,"column":17}},"77":{"start":{"line":164,"column":2},"end":{"line":169,"column":4}},"78":{"start":{"line":165,"column":3},"end":{"line":167,"column":4}},"79":{"start":{"line":166,"column":4},"end":{"line":166,"column":31}},"80":{"start":{"line":168,"column":3},"end":{"line":168,"column":25}},"81":{"start":{"line":176,"column":1},"end":{"line":182,"column":2}},"82":{"start":{"line":177,"column":2},"end":{"line":181,"column":26}},"83":{"start":{"line":191,"column":1},"end":{"line":243,"column":6}},"84":{"start":{"line":193,"column":2},"end":{"line":193,"column":42}},"85":{"start":{"line":194,"column":2},"end":{"line":200,"column":4}},"86":{"start":{"line":195,"column":3},"end":{"line":195,"column":53}},"87":{"start":{"line":196,"column":3},"end":{"line":198,"column":4}},"88":{"start":{"line":197,"column":4},"end":{"line":197,"column":56}},"89":{"start":{"line":199,"column":3},"end":{"line":199,"column":17}},"90":{"start":{"line":202,"column":2},"end":{"line":225,"column":5}},"91":{"start":{"line":204,"column":3},"end":{"line":224,"column":11}},"92":{"start":{"line":227,"column":2},"end":{"line":242,"column":4}},"93":{"start":{"line":228,"column":3},"end":{"line":228,"column":20}},"94":{"start":{"line":229,"column":3},"end":{"line":240,"column":4}},"95":{"start":{"line":230,"column":4},"end":{"line":230,"column":26}},"96":{"start":{"line":231,"column":4},"end":{"line":239,"column":5}},"97":{"start":{"line":232,"column":5},"end":{"line":232,"column":66}},"98":{"start":{"line":235,"column":5},"end":{"line":237,"column":18}},"99":{"start":{"line":236,"column":6},"end":{"line":236,"column":62}},"100":{"start":{"line":241,"column":3},"end":{"line":241,"column":24}},"101":{"start":{"line":245,"column":1},"end":{"line":253,"column":3}},"102":{"start":{"line":246,"column":2},"end":{"line":251,"column":3}},"103":{"start":{"line":247,"column":3},"end":{"line":247,"column":64}},"104":{"start":{"line":248,"column":3},"end":{"line":248,"column":51}},"105":{"start":{"line":250,"column":3},"end":{"line":250,"column":31}},"106":{"start":{"line":252,"column":2},"end":{"line":252,"column":19}},"107":{"start":{"line":259,"column":1},"end":{"line":290,"column":3}},"108":{"start":{"line":261,"column":2},"end":{"line":261,"column":36}},"109":{"start":{"line":261,"column":28},"end":{"line":261,"column":35}},"110":{"start":{"line":263,"column":2},"end":{"line":263,"column":24}},"111":{"start":{"line":265,"column":2},"end":{"line":265,"column":26}},"112":{"start":{"line":267,"column":2},"end":{"line":274,"column":3}},"113":{"start":{"line":268,"column":3},"end":{"line":273,"column":4}},"114":{"start":{"line":269,"column":4},"end":{"line":269,"column":45}},"115":{"start":{"line":271,"column":4},"end":{"line":271,"column":39}},"116":{"start":{"line":272,"column":4},"end":{"line":272,"column":29}},"117":{"start":{"line":276,"column":2},"end":{"line":276,"column":140}},"118":{"start":{"line":278,"column":2},"end":{"line":289,"column":3}},"119":{"start":{"line":280,"column":3},"end":{"line":280,"column":26}},"120":{"start":{"line":281,"column":3},"end":{"line":281,"column":21}},"121":{"start":{"line":284,"column":3},"end":{"line":286,"column":4}},"122":{"start":{"line":285,"column":4},"end":{"line":285,"column":39}},"123":{"start":{"line":288,"column":3},"end":{"line":288,"column":29}},"124":{"start":{"line":297,"column":1},"end":{"line":302,"column":2}},"125":{"start":{"line":299,"column":3},"end":{"line":299,"column":27}},"126":{"start":{"line":304,"column":1},"end":{"line":306,"column":2}},"127":{"start":{"line":305,"column":2},"end":{"line":305,"column":21}},"128":{"start":{"line":309,"column":1},"end":{"line":309,"column":30}},"129":{"start":{"line":310,"column":1},"end":{"line":310,"column":29}},"130":{"start":{"line":311,"column":1},"end":{"line":311,"column":29}},"131":{"start":{"line":313,"column":1},"end":{"line":327,"column":2}},"132":{"start":{"line":316,"column":2},"end":{"line":316,"column":33}},"133":{"start":{"line":317,"column":2},"end":{"line":320,"column":4}},"134":{"start":{"line":318,"column":3},"end":{"line":318,"column":25}},"135":{"start":{"line":319,"column":3},"end":{"line":319,"column":17}},"136":{"start":{"line":321,"column":2},"end":{"line":324,"column":4}},"137":{"start":{"line":322,"column":3},"end":{"line":322,"column":37}},"138":{"start":{"line":323,"column":3},"end":{"line":323,"column":17}},"139":{"start":{"line":325,"column":2},"end":{"line":325,"column":22}},"140":{"start":{"line":326,"column":2},"end":{"line":326,"column":19}},"141":{"start":{"line":330,"column":1},"end":{"line":330,"column":116}},"142":{"start":{"line":335,"column":1},"end":{"line":354,"column":2}},"143":{"start":{"line":337,"column":2},"end":{"line":337,"column":20}},"144":{"start":{"line":338,"column":2},"end":{"line":338,"column":32}},"145":{"start":{"line":339,"column":2},"end":{"line":339,"column":16}},"146":{"start":{"line":340,"column":2},"end":{"line":340,"column":23}},"147":{"start":{"line":342,"column":2},"end":{"line":342,"column":20}},"148":{"start":{"line":344,"column":2},"end":{"line":344,"column":70}},"149":{"start":{"line":345,"column":2},"end":{"line":345,"column":73}},"150":{"start":{"line":347,"column":2},"end":{"line":347,"column":31}},"151":{"start":{"line":348,"column":2},"end":{"line":348,"column":32}},"152":{"start":{"line":350,"column":2},"end":{"line":350,"column":56}},"153":{"start":{"line":352,"column":2},"end":{"line":352,"column":29}},"154":{"start":{"line":353,"column":2},"end":{"line":353,"column":23}},"155":{"start":{"line":356,"column":1},"end":{"line":382,"column":2}},"156":{"start":{"line":357,"column":2},"end":{"line":357,"column":47}},"157":{"start":{"line":360,"column":2},"end":{"line":379,"column":3}},"158":{"start":{"line":361,"column":3},"end":{"line":374,"column":4}},"159":{"start":{"line":362,"column":4},"end":{"line":362,"column":31}},"160":{"start":{"line":364,"column":4},"end":{"line":364,"column":37}},"161":{"start":{"line":365,"column":4},"end":{"line":365,"column":50}},"162":{"start":{"line":367,"column":4},"end":{"line":367,"column":34}},"163":{"start":{"line":369,"column":4},"end":{"line":371,"column":5}},"164":{"start":{"line":370,"column":5},"end":{"line":370,"column":32}},"165":{"start":{"line":373,"column":4},"end":{"line":373,"column":37}},"166":{"start":{"line":376,"column":3},"end":{"line":378,"column":15}},"167":{"start":{"line":381,"column":2},"end":{"line":381,"column":32}},"168":{"start":{"line":384,"column":1},"end":{"line":396,"column":2}},"169":{"start":{"line":385,"column":2},"end":{"line":385,"column":23}},"170":{"start":{"line":386,"column":2},"end":{"line":386,"column":37}},"171":{"start":{"line":387,"column":2},"end":{"line":387,"column":24}},"172":{"start":{"line":388,"column":2},"end":{"line":394,"column":3}},"173":{"start":{"line":389,"column":3},"end":{"line":389,"column":22}},"174":{"start":{"line":390,"column":3},"end":{"line":393,"column":4}},"175":{"start":{"line":391,"column":4},"end":{"line":391,"column":48}},"176":{"start":{"line":392,"column":4},"end":{"line":392,"column":50}},"177":{"start":{"line":395,"column":2},"end":{"line":395,"column":34}},"178":{"start":{"line":398,"column":1},"end":{"line":400,"column":2}},"179":{"start":{"line":399,"column":2},"end":{"line":399,"column":23}},"180":{"start":{"line":402,"column":1},"end":{"line":421,"column":2}},"181":{"start":{"line":403,"column":2},"end":{"line":403,"column":16}},"182":{"start":{"line":404,"column":2},"end":{"line":407,"column":3}},"183":{"start":{"line":405,"column":3},"end":{"line":405,"column":27}},"184":{"start":{"line":406,"column":3},"end":{"line":406,"column":36}},"185":{"start":{"line":409,"column":2},"end":{"line":409,"column":43}},"186":{"start":{"line":411,"column":2},"end":{"line":419,"column":3}},"187":{"start":{"line":412,"column":3},"end":{"line":412,"column":25}},"188":{"start":{"line":413,"column":3},"end":{"line":413,"column":29}},"189":{"start":{"line":414,"column":3},"end":{"line":414,"column":35}},"190":{"start":{"line":416,"column":3},"end":{"line":418,"column":4}},"191":{"start":{"line":417,"column":4},"end":{"line":417,"column":52}},"192":{"start":{"line":420,"column":2},"end":{"line":420,"column":19}},"193":{"start":{"line":423,"column":1},"end":{"line":436,"column":2}},"194":{"start":{"line":424,"column":2},"end":{"line":424,"column":31}},"195":{"start":{"line":425,"column":2},"end":{"line":434,"column":3}},"196":{"start":{"line":426,"column":3},"end":{"line":426,"column":35}},"197":{"start
[...]
,"42":0,"43":0,"44":0,"45":0,"46":0,"47":0},"b":{"1":[0,0],"2":[0,0],"3":[0,0],"4":[0,0],"5":[0,0,0],"6":[0,0],"7":[0,0],"8":[0,0],"9":[0,0],"10":[0,0],"11":[0,0],"12":[0,0,0,0],"13":[0,0],"14":[0,0],"15":[0,0],"16":[0,0]},"f":{"1":2,"2":2,"3":0,"4":0,"5":0,"6":0},"fnMap":{"1":{"name":"(anonymous_1)","line":1,"loc":{"start":{"line":1,"column":1},"end":{"line":1,"column":21}}},"2":{"name":"(anonymous_2)","line":5,"loc":{"start":{"line":5,"column":11},"end":{"line":5,"column":22}}},"3":{"name":"(anonymous_3)","line":18,"loc":{"start":{"line":18,"column":3},"end":{"line":18,"column":27}}},"4":{"name":"(anonymous_4)","line":24,"loc":{"start":{"line":24,"column":18},"end":{"line":24,"column":34}}},"5":{"name":"(anonymous_5)","line":29,"loc":{"start":{"line":29,"column":19},"end":{"line":29,"column":30}}},"6":{"name":"(anonymous_6)","line":43,"loc":{"start":{"line":43,"column":18},"end":{"line":43,"column":29}}}},"statementMap":{"1":{"start":{"line":1,"column":0},"end":{"line":63,"column":4}},"2":{"start":{"line":3,"column":1},"end":{"line":3,"column":16}},"3":{"start":{"line":4,"column":1},"end":{"line":4,"column":23}},"4":{"start":{"line":5,"column":1},"end":{"line":13,"column":3}},"5":{"start":{"line":6,"column":2},"end":{"line":8,"column":3}},"6":{"start":{"line":7,"column":3},"end":{"line":7,"column":33}},"7":{"start":{"line":9,"column":2},"end":{"line":11,"column":3}},"8":{"start":{"line":10,"column":3},"end":{"line":10,"column":29}},"9":{"start":{"line":12,"column":2},"end":{"line":12,"column":18}},"10":{"start":{"line":14,"column":1},"end":{"line":14,"column":34}},"11":{"start":{"line":16,"column":1},"end":{"line":16,"column":7}},"12":{"start":{"line":20,"column":1},"end":{"line":20,"column":40}},"13":{"start":{"line":20,"column":32},"end":{"line":20,"column":39}},"14":{"start":{"line":21,"column":1},"end":{"line":21,"column":34}},"15":{"start":{"line":22,"column":1},"end":{"line":22,"column":81}},"16":{"start":{"line":23,"column":1},"end":{"line":23,"column":24}},"17":{"start":{"line":24,"column":1},"end":{"line":28,"column":3}},"18":{"start":{"line":25,"column":2},"end":{"line":25,"column":28}},"19":{"start":{"line":25,"column":15},"end":{"line":25,"column":27}},"20":{"start":{"line":26,"column":2},"end":{"line":26,"column":51}},"21":{"start":{"line":26,"column":38},"end":{"line":26,"column":50}},"22":{"start":{"line":27,"column":2},"end":{"line":27,"column":61}},"23":{"start":{"line":27,"column":19},"end":{"line":27,"column":60}},"24":{"start":{"line":29,"column":1},"end":{"line":42,"column":3}},"25":{"start":{"line":30,"column":2},"end":{"line":33,"column":3}},"26":{"start":{"line":31,"column":3},"end":{"line":31,"column":32}},"27":{"start":{"line":32,"column":3},"end":{"line":32,"column":32}},"28":{"start":{"line":35,"column":2},"end":{"line":40,"column":3}},"29":{"start":{"line":36,"column":3},"end":{"line":36,"column":28}},"30":{"start":{"line":37,"column":3},"end":{"line":37,"column":19}},"31":{"start":{"line":38,"column":3},"end":{"line":38,"column":16}},"32":{"start":{"line":39,"column":3},"end":{"line":39,"column":23}},"33":{"start":{"line":41,"column":2},"end":{"line":41,"column":34}},"34":{"start":{"line":43,"column":1},"end":{"line":57,"column":3}},"35":{"start":{"line":44,"column":2},"end":{"line":47,"column":3}},"36":{"start":{"line":45,"column":3},"end":{"line":45,"column":32}},"37":{"start":{"line":46,"column":3},"end":{"line":46,"column":22}},"38":{"start":{"line":48,"column":2},"end":{"line":51,"column":3}},"39":{"start":{"line":49,"column":3},"end":{"line":49,"column":28}},"40":{"start":{"line":50,"column":3},"end":{"line":50,"column":20}},"41":{"start":{"line":52,"column":2},"end":{"line":55,"column":3}},"42":{"start":{"line":53,"column":3},"end":{"line":53,"column":19}},"43":{"start":{"line":54,"column":3},"end":{"line":54,"column":18}},"44":{"start":{"line":56,"column":2},"end":{"line":56,"column":34}},"45":{"start":{"line":59,"column":1},"end":{"line":62,"column":2}},"46":{"start":{"line":60,"column":2},"end":{"line":60,"column":54}},"47":{"start":{"line":61,"column":2},"end":{"line":61,"column":52}}},"branchMap":{"1":{"line":6,"type":"if","locations":[{"start":{"line":6,"column":2},"end":{"line":6,"column":2}},{"start":{"line":6,"column":2},"end":{"line":6,"column":2}}]},"2":{"line":9,"type":"if","locations":[{"start":{"line":9,"column":2},"end":{"line":9,"column":2}},{"start":{"line":9,"column":2},"end":{"line":9,"column":2}}]},"3":{"line":9,"type":"binary-expr","locations":[{"start":{"line":9,"column":6},"end":{"line":9,"column":24}},{"start":{"line":9,"column":28},"end":{"line":9,"column":48}}]},"4":{"line":20,"type":"if","locations":[{"start":{"line":20,"column":1},"end":{"line":20,"column":1}},{"start":{"line":20,"column":1},"end":{"line":20,"column":1}}]},"5":{"line":22,"type":"binary-expr","locations":[{"start":{"line":22,"column":18},"end":{"line":22,"column":35}},{"start":{"line":22,"column":39},"end":{"line":22,"column":58}},{"start":{"line":22,"column":62},"end":{"line":22,"column":80}}]},"6":{"line":25,"type":"if","locations":[{"start":{"line":25,"column":2},"end":{"line":25,"column":2}},{"start":{"line":25,"column":2},"end":{"line":25,"column":2}}]},"7":{"line":26,"type":"if","locations":[{"start":{"line":26,"column":2},"end":{"line":26,"column":2}},{"start":{"line":26,"column":2},"end":{"line":26,"column":2}}]},"8":{"line":27,"type":"if","locations":[{"start":{"line":27,"column":2},"end":{"line":27,"column":2}},{"start":{"line":27,"column":2},"end":{"line":27,"column":2}}]},"9":{"line":30,"type":"if","locations":[{"start":{"line":30,"column":2},"end":{"line":30,"column":2}},{"start":{"line":30,"column":2},"end":{"line":30,"column":2}}]},"10":{"line":30,"type":"binary-expr","locations":[{"start":{"line":30,"column":6},"end":{"line":30,"column":25}},{"start":{"line":30,"column":29},"end":{"line":30,"column":40}}]},"11":{"line":35,"type":"if","locations":[{"start":{"line":35,"column":2},"end":{"line":35,"column":2}},{"start":{"line":35,"column":2},"end":{"line":35,"column":2}}]},"12":{"line":35,"type":"binary-expr","locations":[{"start":{"line":35,"column":6},"end":{"line":35,"column":15}},{"start":{"line":35,"column":19},"end":{"line":35,"column":26}},{"start":{"line":35,"column":30},"end":{"line":35,"column":42}},{"start":{"line":35,"column":46},"end":{"line":35,"column":65}}]},"13":{"line":44,"type":"if","locations":[{"start":{"line":44,"column":2},"end":{"line":44,"column":2}},{"start":{"line":44,"column":2},"end":{"line":44,"column":2}}]},"14":{"line":48,"type":"if","locations":[{"start":{"line":48,"column":2},"end":{"line":48,"column":2}},{"start":{"line":48,"column":2},"end":{"line":48,"column":2}}]},"15":{"line":52,"type":"if","locations":[{"start":{"line":52,"column":2},"end":{"line":52,"column":2}},{"start":{"line":52,"column":2},"end":{"line":52,"column":2}}]},"16":{"line":59,"type":"if","locations":[{"start":{"line":59,"column":1},"end":{"line":59,"column":1}},{"start":{"line":59,"column":1},"end":{"line":59,"column":1}}]}},"code":["(function( factory ) {","\t\"use strict\";","\tvar interValId;","\tvar intervalIndex = 0;","\tvar run = function() {","\t\tif ( window.picturefill ) {","\t\t\tfactory( window.picturefill );","\t\t}","\t\tif (window.picturefill || intervalIndex > 9999) {","\t\t\tclearInterval(interValId);","\t\t}","\t\tintervalIndex++;","\t};","\tinterValId = setInterval(run, 8);","","\trun();","","}( function( picturefill ) {","\t\"use strict\";","\tif (!window.addEventListener) {return;}","\tvar oldMatches, oldXQant, oldDPR;","\tvar printMedia = window.matchMedia && matchMedia(\"print\") || { matches: false };","\tvar pf = picturefill._;","\tvar resetMedia = function(media) {","\t\tif (!media) {return true;}","\t\tif (media.indexOf(\"print\") !== -1) {return true;}","\t\tif (oldMatches) {return oldMatches.apply(this, arguments);}","\t};","\tvar beforeprint = function() {","\t\tif (!printMedia.matches && !oldMatches) {","\t\t\toldMatches = pf.matchesMedia;","\t\t\tpf.matchesMedia = resetMedia;","\t\t}","","\t\tif (!oldXQant && !oldDPR && pf.DPR < 1.5 && pf.cfg.xQuant < 1.5) {","\t\t\toldXQant = pf.cfg.xQuant;","\t\t\toldDPR = pf.DPR;","\t\t\tpf.DPR = 1.5;","\t\t\tpf.cfg.xQuant = 1.5;","\t\t}","\t\tpicturefill({ reselect: true });","\t};","\tvar afterprint = function() {","\t\tif (oldMatches) {","\t\t\tpf.matchesMedia = oldMatches;","\t\t\toldMatches = false;","\t\t}","\t\tif (oldXQant) {","\t\t\tpf.cfg.xQuant = oldXQant;","\t\t\toldXQant = false;","\t\t}","\t\tif (oldDPR) {","\t\t\tpf.DPR = oldDPR;","\t\t\toldDPR = false;","\t\t}","\t\tpicturefill({ reselect: true });","\t};","","\tif (\"onbeforeprint\" in window) {","\t\taddEventListener(\"beforeprint\", beforeprint, false);","\t\taddEventListener(\"afterprint\", afterprint, false);","\t}","}));",""],"l":{"1":2,"3":2,"4":2,"5":2,"6":2,"7":0,"9":0,"10":0,"12":0,"14":2,"16":2,"20":0,"21":0,"22":0,"23":0,"24":0,"25":0,"26":0,"27":0,"29":0,"30":0,"31":0,"32":0,"35":0,"36":0,"37":0,"38":0,"39":0,"41":0,"43":0,"44":0,"45":0,"46":0,"48":0,"49":0,"50":0,"52":0,"53":0,"54":0,"56":0,"59":0,"60":0,"61":0}},"/home/travis/build/npmtest/node-npmtest-picturefill/node_modules/picturefill/src/plugins/typesupport/pf.type.js":{"path":"/home/travis/build/npmtest/node-npmtest-picturefill/node_modules/picturefill/src/plugins/typesupport/pf.type.js","s":{"1":2,"2":2,"3":2,"4":2,"5":2,"6":0,"7":0,"8":0,"9":0,"10":2,"11":2,"12":0,"13":0,"14":0,"15":0,"16":0,"17":0,"18":0,"19":0,"20":0,"21":0,"22":0,"23":0,"24":0,"25":0,"26":0,"27":0,"28":0,"29":0,"30":0,"31":0,"32":0,"33":0,"34":0,"35":0,"36":0,"37":0,"38":0,"39":0,"40":0,"41":0,"42":0,"43":0,"44":0,"45":0,"46":0,"47":0,"48":0,"49":0,"50":0,"51":0,"52":0,"53":0,"54":0,"55":0,"56":0,"57":0},"b":{"1":[0,0],"2":[0,0],"3":[0,0],"4":[0,0],"5":[0,0],"6":[0,0],"7":[0,0],"8":[0,0],"9":[0,0],"10":[0,0],"11":[0,0]},"f":{"1":2,"2":2,"3":0,"4":0,"5":0,"6":0,"7":0,"8":0,"9":0},"fnMap":{"1":{"name":"(anonymous_1)","line":1,"loc":{"start":{"line":1,"column":1},"end":{"line":1,"column":21}}},"2":{"name":"(anonymous_2)","line":5,"loc":{"start":{"line":5,"column":11},"end":{"line":5,"column":22}}},"3":{"name":"(anonymous_3)","line":18,"loc":{"start":{"line":18,"column":3},"end":{"line":18,"column":27}}},"4":{"name":"(anonymous_4)","line":23,"loc":{"start":{"line":23,"column":20},"end":{"line":23,"column":43}}},"5":{"name":"(anonymous_5)","line":31,"loc":{"start":{"line":31,"column":32},"end":{"line":31,"column":43}}},"6":{"name":"(anonymous_6)","line":38,"loc":{"start":{"line":38,"column":31},"end":{"line":38,"column":70}}},"7":{"name":"(anonymous_7)","line":45,"loc":{"start":{"line":45,"column":19},"end":{"line":45,"column":30}}},"8":{"name":"(anonymous_8)","line":61,"loc":{"start":{"line":61,"column":15},"end":{"line":61,"column":26}}},"9":{"name":"(anonymous_9)","line":76,"loc":{"start":{"line":76,"column":16},"end":{"line":76,"column":27}}}},"statementMap":{"1":{"start":{"line":1,"column":0},"end":{"line":89,"column":4}},"2":{"start":{"line":3,"column":1},"end":{"line":3,"column":16}},"3":{"start":{"line":4,"column":1},"end":{"line":4,"column":23}},"4":{"start":{"line":5,"column":1},"end":{"line":13,"column":3}},"5":{"start":{"line":6,"column":2},"end":{"line":8,"column":3}},"6":{"start":{"line":7,"column":3},"end":{"line":7,"column":33}},"7":{"start":{"line":9,"column":2},"end":{"line":11,"column":3}},"8":{"start":{"line":10,"column":3},"end":{"line":10,"column":29}},"9":{"start":{"line":12,"column":2},"end":{"line":12,"column":18}},"10":{"start":{"line":14,"column":1},"end":{"line":14,"column":34}},"11":{"start":{"line":16,"column":1},"end":{"line":16,"column":7}},"12":{"start":{"line":21,"column":1},"end":{"line":21,"column":24}},"13":{"start":{"line":22,"column":1},"end":{"line":22,"column":22}},"14":{"start":{"line":23,"column":1},"end":{"line":28,"column":3}},"15":{"start":{"line":24,"column":2},"end":{"line":24,"column":8}},"16":{"start":{"line":25,"column":2},"end":{"line":27,"column":3}},"17":{"start":{"line":26,"column":3},"end":{"line":26,"column":30}},"18":{"start":{"line":30,"column":1},"end":{"line":33,"column":2}},"19":{"start":{"line":31,"column":2},"end":{"line":31,"column":46}},"20":{"start":{"line":32,"column":2},"end":{"line":32,"column":9}},"21":{"start":{"line":35,"column":1},"end":{"line":35,"column":30}},"22":{"start":{"line":36,"column":1},"end":{"line":36,"column":32}},"23":{"start":{"line":38,"column":1},"end":{"line":83,"column":3}},"24":{"start":{"line":39,"column":2},"end":{"line":41,"column":3}},"25":{"start":{"line":40,"column":3},"end":{"line":40,"column":37}},"26":{"start":{"line":42,"column":2},"end":{"line":42,"column":13}},"27":{"start":{"line":43,"column":2},"end":{"line":43,"column":27}},"28":{"start":{"line":44,"column":2},"end":{"line":44,"column":42}},"29":{"start":{"line":45,"column":2},"end":{"line":51,"column":4}},"30":{"start":{"line":46,"column":3},"end":{"line":46,"column":18}},"31":{"start":{"line":47,"column":3},"end":{"line":47,"column":33}},"32":{"start":{"line":48,"column":3},"end":{"line":50,"column":4}},"33":{"start":{"line":49,"column":4},"end":{"line":49,"column":36}},"34":{"start":{"line":53,"column":2},"end":{"line":59,"column":3}},"35":{"start":{"line":54,"column":3},"end":{"line":54,"column":45}},"36":{"start":{"line":55,"column":3},"end":{"line":58,"column":4}},"37":{"start":{"line":56,"column":4},"end":{"line":56,"column":31}},"38":{"start":{"line":57,"column":4},"end":{"line":57,"column":11}},"39":{"start":{"line":61,"column":2},"end":{"line":74,"column":4}},"40":{"start":{"line":62,"column":3},"end":{"line":62,"column":11}},"41":{"start":{"line":63,"column":3},"end":{"line":63,"column":19}},"42":{"start":{"line":64,"column":3},"end":{"line":66,"column":4}},"43":{"start":{"line":65,"column":4},"end":{"line":65,"column":35}},"44":{"start":{"line":68,"column":3},"end":{"line":72,"column":4}},"45":{"start":{"line":69,"column":4},"end":{"line":69,"column":34}},"46":{"start":{"line":70,"column":4},"end":{"line":70,"column":29}},"47":{"start":{"line":71,"column":4},"end":{"line":71,"column":58}},"48":{"start":{"line":73,"column":3},"end":{"line":73,"column":16}},"49":{"start":{"line":76,"column":2},"end":{"line":79,"column":4}},"50":{"start":{"line":77,"column":3},"end":{"line":77,"column":20}},"51":{"start":{"line":78,"column":3},"end":{"line":78,"column":16}},"52":{"start":{"line":80,"column":2},"end":{"line":80,"column":17}},"53":{"start":{"line":81,"column":2},"end":{"line":81,"column":33}},"54":{"start":{"line":82,"column":2},"end":{"line":82,"column":16}},"55":{"start":{"line":85,"column":1},"end":{"line":85,"column":363}},"56":{"start":{"line":86,"column":1},"end":{"line":86,"column":253}},"57":{"start":{"line":87,"column":1},"end":{"line":87,"column":317}}},"branchMap":{"1":{"line":6,"type":"if","locations":[{"start":{"line":6,"column":2},"end":{"line":6,"column":2}},{"start":{"line":6,"column":2},"end":{"line":6,"column":2}}]},"2":{"line":9,"type":"if","locations":[{"start":{"line":9,"column":2},"end":{"line":9,"column":2}},{"start":{"line":9,"column":2},"end":{"line":9,"column":2}}]},"3":{"line":9,"type":"binary-expr","locations":[{"start":{"line":9,"column":6},"end":{"line":9,"column":24}},{"start":{"line":9,"column":28},"end":{"line":9,"column":48}}]},"4":{"line":30,"type":"if","locations":[{"start":{"line":30,"column":1},"end":{"line":30,"column":1}},{"start":{"line":30,"column":1},"end":{"line":30,"column":1}}]},"5":{"line":30,"type":"binary-expr","locations":[{"start":{"line":30,"column":5},"end":{"line":30,"column":18}},{"start":{"line":30,"column":22},"end":{"line":30,"column":32}}]},"6":{"line":39,"type":"if","locations":[{"start":{"line":39,"column":2},"end":{"line":39,"column":2}},{"start":{"line":39,"column":2},"end":{"line":39,"column":2}}]},"7":{"line":48,"type":"if","locations":[{"start":{"line":48,"column":3},"end":{"line":48,"column":3}},{"start":{"line":48,"column":3},"end":{"line":48,"column":3}}]},"8":{"line":53,"type":"if","locations":[{"start":{"line":53,"column":2},"end":{"line":53,"column":2}},{"start":{"line":53,"column":2},"end":{"line":53,"column":2}}]},"9":{"line":55,"type":"if","locations":[{"start":{"line":55,"column":3},"end":{"line":55,"column":3}},{"start":{"line":55,"column":3},"end":{"line":55,"column":3}}]},"10":{"line":64,"type":"if","locations":[{"start":{"line":64,"column":3},"end":{"line":64,"column":3}},{"start":{"line":64,"column":3},"end":{"line":64,"column":3}}]},"11":{"line":68,"type":"if","locations":[{"start":{"line":68,"column":3},"end":{"line":68,"column":3}},{"start":{"line":68,"column":3},"end":{"line":68,"column":3}}]}},"code":["(function( factory ) {","\t\"use strict\";","\tvar interValId;","\tvar intervalIndex = 0;","\tvar run = function() {","\t\tif ( window.picturefill ) {","\t\t\tfactory( window.picturefill );","\t\t}","\t\tif (window.picturefill || intervalIndex > 9999) {","\t\t\tclearInterval(interValId);","\t\t}","\t\tintervalIndex++;","\t};","\tinterValId = setInterval(run, 8);","","\trun();","","}( function( picturefill ) {","\t\"use strict\";","","\tvar pf = picturefill._;","\tvar runningTests = 0;","\tvar setTypeValue = function(types, value) {","\t\tvar i;","\t\tfor (i = 0; i < types.length; i++) {","\t\t\tpf.types[types[i]] = value;","\t\t}","\t};","","\tif (pf.supPicture && !pf.cfg.uT) {","\t\tpicturefill.testTypeSupport = function() {};","\t\treturn;","\t}","","\tpf.types[\"image/bmp\"] = true;","\tpf.types[\"image/x-bmp\"] = true;","","\tpicturefill.testTypeSupport = function(types, url, width, useCanvas) {","\t\tif (typeof types === \"string\") {","\t\t\ttypes = types.split(/\\s*\\,*\\s+/g);","\t\t}","\t\tvar canvas;","\t\tvar supports = \"pending\";","\t\tvar img = document.createElement(\"img\");","\t\tvar onComplete = function() {","\t\t\trunningTests--;","\t\t\tsetTypeValue(types, supports);","\t\t\tif (runningTests < 1) {","\t\t\t\tpicturefill({ reselect: true });","\t\t\t}","\t\t};","","\t\tif (useCanvas) {","\t\t\tcanvas = document.createElement(\"canvas\");","\t\t\tif (!canvas.getContext) {","\t\t\t\tsetTypeValue(types, false);","\t\t\t\treturn;","\t\t\t}","\t\t}","","\t\timg.onload = function() {","\t\t\tvar ctx;","\t\t\tsupports = true;","\t\t\tif (width) {","\t\t\t\tsupports = img.width === width;","\t\t\t}","","\t\t\tif (useCanvas) {","\t\t\t\tctx = canvas.getContext(\"2d\");","\t\t\t\tctx.drawImage(img, 0, 0);","\t\t\t\tsupports = ctx.getImageData(0, 0, 1, 1).data[3] === 0;","\t\t\t}","\t\t\tonComplete();","\t\t};","","\t\timg.onerror = function() {","\t\t\tsupports = false;","\t\t\tonComplete();","\t\t};","\t\trunningTests++;","\t\tsetTypeValue(types, \"pending\");","\t\timg.src = url;","\t};","","\tpicturefill.testTypeSupport(\"image/jp2 image/jpx image/jpm\", \"data:image/jp2;base64,/0//UQAyAAAAAAABAAAAAgAAAAAAAAAAAAAABAAAAAQAAAAAAAAAAAAEBwEBBwEBBwEBBwEB/1IADAAAAAEAAAQEAAH/XAAEQED/ZAAlAAFDcmVhdGVkIGJ5IE9wZW5KUEVHIHZlcnNpb24gMi4wLjD/kAAKAAAAAABYAAH/UwAJAQAABAQAAf9dAAUBQED/UwAJAgAABAQAAf9dAAUCQED/UwAJAwAABAQAAf9dAAUDQED/k8+kEAGvz6QQAa/PpBABr994EAk//9k=\", 1);","\tpicturefill.testTypeSupport(\"image/vnd.ms-photo\", \"data:image/vnd.ms-photo;base64,SUm8AQgAAAAFAAG8AQAQAAAASgAAAIC8BAABAAAAAQAAAIG8BAABAAAAAQAAAMC8BAABAAAAWgAAAMG8BAABAAAAHwAAAAAAAAAkw91vA07+S7GFPXd2jckNV01QSE9UTwAZAYBxAAAAABP/gAAEb/8AAQAAAQAAAA==\", 1);","\tpicturefill.testTypeSupport(\"video/vnd.mozilla.apng image/apng\", \"data:image/png;base64,iVBORw0KGgoAAAANSUhEUgAAAAEAAAABCAYAAAAfFcSJAAAACGFjVEwAAAABAAAAAcMq2TYAAAANSURBVAiZY2BgYPgPAAEEAQB9ssjfAAAAGmZjVEwAAAAAAAAAAQAAAAEAAAAAAAAAAAD6A+gBAbNU+2sAAAARZmRBVAAAAAEImWNgYGBgAAAABQAB6MzFdgAAAABJRU5ErkJggg==\", false, true);","","}));",""],"l":{"1":2,"3":2,"4":2,"5":2,"6":2,"7":0,"9":0,"10":0,"12":0,"14":2,"16":2,"21":0,"22":0,"23":0,"24":0,"25":0,"26":0,"30":0,"31":0,"32":0,"35":0,"36":0,"38":0,"39":0,"40":0,"42":0,"43":0,"44":0,"45":0,"46":0,"47":0,"48":0,"49":0,"53":0,"54":0,"55":0,"56":0,"57":0,"61":0,"62":0,"63":0,"64":0,"65":0,"68":0,"69":0,"70":0,"71":0,"73":0,"76":0,"77":0,"78":0,"80":0,"81":0,"82":0,"85":0,"86":0,"87":0}}}